<?xml version="1.0" encoding="utf-8"?><testsuites name="pytest tests"><testsuite name="pytest" errors="0" failures="0" skipped="0" tests="24" time="5.646" timestamp="2026-03-12T10:32:32.410825+00:00" hostname="agent-env-ab44d29a-59be-4ff6-bd85-b0c75a648d86"><testcase classname="backend.tests.test_achievement_tracker.TestAchievementTracker" name="test_01_submit_achievement_success" time="0.471" /><testcase classname="backend.tests.test_achievement_tracker.TestAchievementTracker" name="test_02_submit_achievement_missing_title" time="0.122" /><testcase classname="backend.tests.test_achievement_tracker.TestAchievementTracker" name="test_03_submit_achievement_empty_title" time="0.109" /><testcase classname="backend.tests.test_achievement_tracker.TestAchievementTracker" name="test_04_get_achievements_list" time="0.104" /><testcase classname="backend.tests.test_achievement_tracker.TestAchievementTracker" name="test_05_get_pending_endorsements" time="0.104" /><testcase classname="backend.tests.test_achievement_tracker.TestAchievementTracker" name="test_06_endorse_achievement" time="0.215" /><testcase classname="backend.tests.test_achievement_tracker.TestAchievementTracker" name="test_07_endorse_nonexistent_achievement" time="0.102" /><testcase classname="backend.tests.test_achievement_tracker.TestAchievementTracker" name="test_08_reject_achievement" time="0.211" /><testcase classname="backend.tests.test_achievement_tracker.TestAchievementTracker" name="test_09_reject_nonexistent_achievement" time="0.104" /><testcase classname="backend.tests.test_achievement_tracker.TestAchievementTracker" name="test_10_endorsed_achievement_status_persists" time="0.320" /><testcase classname="backend.tests.test_achievement_tracker.TestProductionEmployeeSeedData" name="test_01_seed_endpoint_returns_sufficient_templates" time="0.616" /><testcase classname="backend.tests.test_achievement_tracker.TestProductionEmployeeSeedData" name="test_02_seed_endpoint_returns_sufficient_kpis" time="0.112" /><testcase classname="backend.tests.test_achievement_tracker.TestProductionEmployeeSeedData" name="test_03_ashish_banerjee_template_exists" time="0.109" /><testcase classname="backend.tests.test_achievement_tracker.TestProductionEmployeeSeedData" name="test_04_vicky_kumar_template_exists" time="0.103" /><testcase classname="backend.tests.test_achievement_tracker.TestProductionEmployeeSeedData" name="test_05_vishal_yadav_template_exists" time="0.115" /><testcase classname="backend.tests.test_achievement_tracker.TestProductionEmployeeSeedData" name="test_06_rahul_kumar_template_exists" time="0.104" /><testcase classname="backend.tests.test_achievement_tracker.TestProductionEmployeeSeedData" name="test_07_surendra_bediya_template_exists" time="0.107" /><testcase classname="backend.tests.test_achievement_tracker.TestProductionEmployeeSeedData" name="test_08_ashish_banerjee_kpis_exist" time="0.104" /><testcase classname="backend.tests.test_achievement_tracker.TestProductionEmployeeSeedData" name="test_09_all_production_employees_have_kpis" time="0.532" /><testcase classname="backend.tests.test_achievement_tracker.TestAchievementCategories" name="test_all_categories_accepted" time="1.156" /><testcase classname="backend.tests.test_achievement_tracker.TestAchievementCategories" name="test_all_impact_levels_accepted" time="0.354" /><testcase classname="backend.tests.test_achievement_tracker.TestUnauthorizedAccess" name="test_achievements_without_auth" time="0.107" /><testcase classname="backend.tests.test_achievement_tracker.TestUnauthorizedAccess" name="test_submit_achievement_without_auth" time="0.103" /><testcase classname="backend.tests.test_achievement_tracker.TestUnauthorizedAccess" name="test_pending_endorsements_without_auth" time="0.101" /></testsuite></testsuites>