<?xml version="1.0" encoding="utf-8"?><testsuites name="pytest tests"><testsuite name="pytest" errors="0" failures="0" skipped="0" tests="22" time="3.034" timestamp="2026-03-18T07:54:43.491718+00:00" hostname="agent-env-d6af04de-64a4-481b-88b1-05867038dcd9"><testcase classname="backend.tests.test_admin_mis_view.TestMISTemplatesAPI" name="test_list_all_templates" time="0.531" /><testcase classname="backend.tests.test_admin_mis_view.TestMISTemplatesAPI" name="test_templates_have_required_fields" time="0.117" /><testcase classname="backend.tests.test_admin_mis_view.TestMISTemplatesAPI" name="test_templates_have_department_data" time="0.106" /><testcase classname="backend.tests.test_admin_mis_view.TestMISEntriesAPI" name="test_mis_entries_daily_period" time="0.094" /><testcase classname="backend.tests.test_admin_mis_view.TestMISEntriesAPI" name="test_mis_entries_weekly_period" time="0.106" /><testcase classname="backend.tests.test_admin_mis_view.TestMISEntriesAPI" name="test_mis_entries_monthly_period" time="0.101" /><testcase classname="backend.tests.test_admin_mis_view.TestMISEntriesAPI" name="test_mis_entries_quarterly_period" time="0.152" /><testcase classname="backend.tests.test_admin_mis_view.TestMISEntriesAPI" name="test_mis_entries_half_yearly_period" time="0.135" /><testcase classname="backend.tests.test_admin_mis_view.TestMISEntriesAPI" name="test_mis_entries_annual_period" time="0.099" /><testcase classname="backend.tests.test_admin_mis_view.TestMISSummaryAPI" name="test_mis_summary_returns_correct_structure" time="0.111" /><testcase classname="backend.tests.test_admin_mis_view.TestMISSummaryAPI" name="test_mis_summary_daily_period" time="0.107" /><testcase classname="backend.tests.test_admin_mis_view.TestMISSummaryAPI" name="test_mis_summary_quarterly_period" time="0.103" /><testcase classname="backend.tests.test_admin_mis_view.TestKPIScoresAPI" name="test_kpi_scores_returns_correct_structure" time="0.104" /><testcase classname="backend.tests.test_admin_mis_view.TestKPIScoresAPI" name="test_kpi_scores_score_item_structure" time="0.105" /><testcase classname="backend.tests.test_admin_mis_view.TestKPIScoresAPI" name="test_kpi_scores_daily_period" time="0.102" /><testcase classname="backend.tests.test_admin_mis_view.TestKPIScoresAPI" name="test_kpi_scores_half_yearly_period" time="0.110" /><testcase classname="backend.tests.test_admin_mis_view.TestKPIScoresAPI" name="test_kpi_scores_annual_period" time="0.105" /><testcase classname="backend.tests.test_admin_mis_view.TestKPIScoresAPI" name="test_employee_has_kpis" time="0.111" /><testcase classname="backend.tests.test_admin_mis_view.TestMISComplianceAPI" name="test_mis_compliance_returns_200" time="0.136" /><testcase classname="backend.tests.test_admin_mis_view.TestMISComplianceAPI" name="test_mis_compliance_structure" time="0.129" /><testcase classname="backend.tests.test_admin_mis_view.TestAllDefinitionsAPIs" name="test_all_kpi_definitions" time="0.131" /><testcase classname="backend.tests.test_admin_mis_view.TestAllDefinitionsAPIs" name="test_all_kra_definitions" time="0.112" /></testsuite></testsuites>