<?xml version="1.0" encoding="utf-8"?><testsuites name="pytest tests"><testsuite name="pytest" errors="0" failures="0" skipped="0" tests="14" time="4.285" timestamp="2026-01-21T13:53:12.671617+00:00" hostname="agent-env-4e04210c-8c0d-4899-b010-29de958ce3cd"><testcase classname="tests.test_asset_operations.TestAssetOperations" name="test_get_assets_inventory" time="0.317" /><testcase classname="tests.test_asset_operations.TestAssetOperations" name="test_get_assets_with_filters" time="0.303" /><testcase classname="tests.test_asset_operations.TestAssetOperations" name="test_get_employee_assignments" time="0.272" /><testcase classname="tests.test_asset_operations.TestAssetOperations" name="test_create_and_delete_asset" time="0.279" /><testcase classname="tests.test_asset_operations.TestAssetOperations" name="test_update_asset" time="0.291" /><testcase classname="tests.test_asset_operations.TestAssetOperations" name="test_reassign_asset" time="0.371" /><testcase classname="tests.test_asset_operations.TestAssetOperations" name="test_unassign_asset" time="0.345" /><testcase classname="tests.test_asset_operations.TestAssetOperations" name="test_delete_employee_assignment" time="0.294" /><testcase classname="tests.test_asset_operations.TestLeavePolicyRules" name="test_get_leave_policy_rules" time="0.270" /><testcase classname="tests.test_asset_operations.TestLeavePolicyRules" name="test_update_leave_policy_rules" time="0.306" /><testcase classname="tests.test_asset_operations.TestAssetNotFound" name="test_get_nonexistent_asset" time="0.274" /><testcase classname="tests.test_asset_operations.TestAssetNotFound" name="test_update_nonexistent_asset" time="0.273" /><testcase classname="tests.test_asset_operations.TestAssetNotFound" name="test_delete_nonexistent_asset" time="0.267" /><testcase classname="tests.test_asset_operations.TestAssetNotFound" name="test_reassign_without_emp_code" time="0.369" /></testsuite></testsuites>