<?xml version="1.0" encoding="utf-8"?><testsuites name="pytest tests"><testsuite name="pytest" errors="0" failures="1" skipped="0" tests="14" time="4.925" timestamp="2026-01-21T13:52:32.953801+00:00" hostname="agent-env-4e04210c-8c0d-4899-b010-29de958ce3cd"><testcase classname="tests.test_asset_operations.TestAssetOperations" name="test_get_assets_inventory" time="0.338" /><testcase classname="tests.test_asset_operations.TestAssetOperations" name="test_get_assets_with_filters" time="0.355" /><testcase classname="tests.test_asset_operations.TestAssetOperations" name="test_get_employee_assignments" time="0.337" /><testcase classname="tests.test_asset_operations.TestAssetOperations" name="test_create_and_delete_asset" time="0.337" /><testcase classname="tests.test_asset_operations.TestAssetOperations" name="test_update_asset" time="0.425" /><testcase classname="tests.test_asset_operations.TestAssetOperations" name="test_reassign_asset" time="0.362" /><testcase classname="tests.test_asset_operations.TestAssetOperations" name="test_unassign_asset" time="0.362" /><testcase classname="tests.test_asset_operations.TestAssetOperations" name="test_delete_employee_assignment" time="0.342" /><testcase classname="tests.test_asset_operations.TestLeavePolicyRules" name="test_get_leave_policy_rules" time="0.304" /><testcase classname="tests.test_asset_operations.TestLeavePolicyRules" name="test_update_leave_policy_rules" time="0.326"><failure message="AssertionError: Update failed: Internal Server Error&#10;assert 520 == 200&#10; +  where 520 = &lt;Response [520]&gt;.status_code">tests/test_asset_operations.py:326: in test_update_leave_policy_rules
    assert update_response.status_code == 200, f"Update failed: {update_response.text}"
E   AssertionError: Update failed: Internal Server Error
E   assert 520 == 200
E    +  where 520 = &lt;Response [520]&gt;.status_code</failure></testcase><testcase classname="tests.test_asset_operations.TestAssetNotFound" name="test_get_nonexistent_asset" time="0.268" /><testcase classname="tests.test_asset_operations.TestAssetNotFound" name="test_update_nonexistent_asset" time="0.309" /><testcase classname="tests.test_asset_operations.TestAssetNotFound" name="test_delete_nonexistent_asset" time="0.318" /><testcase classname="tests.test_asset_operations.TestAssetNotFound" name="test_reassign_without_emp_code" time="0.375" /></testsuite></testsuites>