<?xml version="1.0" encoding="utf-8"?><testsuites name="pytest tests"><testsuite name="pytest" errors="0" failures="0" skipped="0" tests="10" time="2.694" timestamp="2026-04-08T10:34:24.947699+00:00" hostname="agent-env-195aa52e-ba6c-4708-bcfa-5659d9c744b3"><testcase classname="backend.tests.test_auth_login_flow.TestAuthLogin" name="test_login_with_valid_credentials" time="0.367" /><testcase classname="backend.tests.test_auth_login_flow.TestAuthLogin" name="test_login_with_invalid_credentials" time="0.131" /><testcase classname="backend.tests.test_auth_login_flow.TestAuthLogin" name="test_login_with_empty_email" time="0.104" /><testcase classname="backend.tests.test_auth_login_flow.TestAuthLogin" name="test_login_with_empty_password" time="0.376" /><testcase classname="backend.tests.test_auth_login_flow.TestAuthMe" name="test_auth_me_with_valid_token" time="0.491" /><testcase classname="backend.tests.test_auth_login_flow.TestAuthMe" name="test_auth_me_without_token" time="0.097" /><testcase classname="backend.tests.test_auth_login_flow.TestAuthMe" name="test_auth_me_with_invalid_token" time="0.107" /><testcase classname="backend.tests.test_auth_login_flow.TestAuthRefresh" name="test_token_refresh_with_valid_token" time="0.455" /><testcase classname="backend.tests.test_auth_login_flow.TestAuthRefresh" name="test_token_refresh_without_token" time="0.124" /><testcase classname="backend.tests.test_auth_login_flow.TestLoginResponseFormat" name="test_login_response_has_correct_structure" time="0.334" /></testsuite></testsuites>