<?xml version="1.0" encoding="utf-8"?><testsuites name="pytest tests"><testsuite name="pytest" errors="0" failures="0" skipped="0" tests="13" time="6.997" timestamp="2026-01-20T12:41:01.239426+00:00" hostname="agent-env-a5bd9e0a-d60a-4a0b-a1a6-7b60a74b1e9f"><testcase classname="tests.test_biometric_sync.TestBiometricSyncAPI" name="test_01_admin_login_success" time="0.312" /><testcase classname="tests.test_biometric_sync.TestBiometricSyncAPI" name="test_02_get_sync_status" time="0.280" /><testcase classname="tests.test_biometric_sync.TestBiometricSyncAPI" name="test_03_get_unmatched_codes" time="0.277" /><testcase classname="tests.test_biometric_sync.TestBiometricSyncAPI" name="test_04_manual_sync_endpoint" time="1.652" /><testcase classname="tests.test_biometric_sync.TestBiometricSyncAPI" name="test_05_historical_sync_requires_super_admin" time="2.660" /><testcase classname="tests.test_biometric_sync.TestBiometricSyncAPI" name="test_06_verify_attendance_records_exist" time="0.366" /><testcase classname="tests.test_biometric_sync.TestBiometricSyncAPI" name="test_07_verify_employee_code_mapping" time="0.281" /><testcase classname="tests.test_biometric_sync.TestBiometricSyncAPI" name="test_08_sync_status_after_manual_sync" time="0.284" /><testcase classname="tests.test_biometric_sync.TestBiometricSyncUnauthorized" name="test_sync_status_requires_auth" time="0.039" /><testcase classname="tests.test_biometric_sync.TestBiometricSyncUnauthorized" name="test_manual_sync_requires_auth" time="0.043" /><testcase classname="tests.test_biometric_sync.TestBiometricSyncUnauthorized" name="test_unmatched_codes_requires_auth" time="0.079" /><testcase classname="tests.test_biometric_sync.TestBiometricSyncEmployeeAccess" name="test_employee_cannot_access_sync_status" time="0.363" /><testcase classname="tests.test_biometric_sync.TestBiometricSyncEmployeeAccess" name="test_employee_cannot_trigger_sync" time="0.288" /></testsuite></testsuites>