<?xml version="1.0" encoding="utf-8"?><testsuites name="pytest tests"><testsuite name="pytest" errors="0" failures="0" skipped="0" tests="9" time="4.567" timestamp="2026-01-20T16:29:32.471608+00:00" hostname="agent-env-4e04210c-8c0d-4899-b010-29de958ce3cd"><testcase classname="tests.test_calendar_late_threshold.TestLateThreshold" name="test_recalculate_late_endpoint_uses_10am_threshold" time="0.333" /><testcase classname="tests.test_calendar_late_threshold.TestCalendarDataAPI" name="test_calendar_data_endpoint_exists" time="0.580" /><testcase classname="tests.test_calendar_late_threshold.TestCalendarDataAPI" name="test_calendar_data_response_structure" time="0.585" /><testcase classname="tests.test_calendar_late_threshold.TestCalendarDataAPI" name="test_calendar_day_structure" time="0.572" /><testcase classname="tests.test_calendar_late_threshold.TestCalendarDataAPI" name="test_calendar_data_employee_lists" time="0.573" /><testcase classname="tests.test_calendar_late_threshold.TestCalendarDataAPI" name="test_calendar_data_sundays_marked" time="0.680" /><testcase classname="tests.test_calendar_late_threshold.TestCalendarDataAPI" name="test_calendar_data_requires_auth" time="0.300" /><testcase classname="tests.test_calendar_late_threshold.TestCalendarDataAPI" name="test_calendar_data_hr_only" time="0.535" /><testcase classname="tests.test_calendar_late_threshold.TestAttendanceSummaryWithCalendar" name="test_attendance_summary_still_works" time="0.296" /></testsuite></testsuites>