<?xml version="1.0" encoding="utf-8"?><testsuites name="pytest tests"><testsuite name="pytest" errors="0" failures="0" skipped="0" tests="13" time="6.388" timestamp="2026-03-13T07:44:31.443537+00:00" hostname="agent-env-d6af04de-64a4-481b-88b1-05867038dcd9"><testcase classname="backend.tests.test_celebration_features.TestCelebrationAPI" name="test_01_login_returns_employee_id" time="0.499" /><testcase classname="backend.tests.test_celebration_features.TestCelebrationAPI" name="test_02_get_today_events_returns_birthday" time="0.385" /><testcase classname="backend.tests.test_celebration_features.TestCelebrationAPI" name="test_03_events_today_mm_dd_matching" time="0.381" /><testcase classname="backend.tests.test_celebration_features.TestCelebrationAPI" name="test_04_birthday_event_config_valid" time="0.425" /><testcase classname="backend.tests.test_celebration_features.TestCelebrationAPI" name="test_05_create_work_anniversary_today" time="0.542" /><testcase classname="backend.tests.test_celebration_features.TestCelebrationAPI" name="test_06_create_marriage_anniversary_today" time="0.596" /><testcase classname="backend.tests.test_celebration_features.TestCelebrationAPI" name="test_07_create_custom_event_today" time="0.585" /><testcase classname="backend.tests.test_celebration_features.TestCelebrationAPI" name="test_08_events_today_enriched_with_employee_data" time="0.390" /><testcase classname="backend.tests.test_celebration_features.TestCelebrationAPI" name="test_09_all_event_types_valid" time="0.816" /><testcase classname="backend.tests.test_celebration_features.TestCelebrationAPI" name="test_10_invalid_event_type_rejected" time="0.373" /><testcase classname="backend.tests.test_celebration_features.TestCelebrationAPI" name="test_11_events_today_unauthorized_returns_401" time="0.447" /><testcase classname="backend.tests.test_celebration_features.TestDashboardStatsWithCelebration" name="test_01_dashboard_stats_loads" time="0.383" /><testcase classname="backend.tests.test_celebration_features.TestDashboardStatsWithCelebration" name="test_02_dashboard_employee_loads" time="0.396" /></testsuite></testsuites>