<?xml version="1.0" encoding="utf-8"?><testsuites name="pytest tests"><testsuite name="pytest" errors="0" failures="2" skipped="0" tests="11" time="3.963" timestamp="2026-01-17T07:58:07.566702+00:00" hostname="agent-env-072e05ef-e80c-4cd4-b053-515e29958ebb"><testcase classname="tests.test_duplicate_prevention.TestDuplicatePrevention" name="test_01_no_duplicate_employees_by_emp_code" time="0.293" /><testcase classname="tests.test_duplicate_prevention.TestDuplicatePrevention" name="test_02_no_duplicate_insurance_records" time="0.274" /><testcase classname="tests.test_duplicate_prevention.TestDuplicatePrevention" name="test_03_no_duplicate_active_salary_records" time="0.276" /><testcase classname="tests.test_duplicate_prevention.TestDuplicatePrevention" name="test_04_employee_import_prevents_duplicate_emp_code" time="0.326" /><testcase classname="tests.test_duplicate_prevention.TestDuplicatePrevention" name="test_05_employee_import_prevents_duplicate_email" time="0.314" /><testcase classname="tests.test_duplicate_prevention.TestDuplicatePrevention" name="test_06_insurance_import_updates_existing_record" time="0.398"><failure message="assert 520 == 200&#10; +  where 520 = &lt;Response [520]&gt;.status_code">tests/test_duplicate_prevention.py:316: in test_06_insurance_import_updates_existing_record
    assert response2.status_code == 200
E   assert 520 == 200
E    +  where 520 = &lt;Response [520]&gt;.status_code</failure></testcase><testcase classname="tests.test_duplicate_prevention.TestDuplicatePrevention" name="test_07_salary_import_deactivates_old_salary" time="0.407" /><testcase classname="tests.test_duplicate_prevention.TestDuplicatePrevention" name="test_08_attendance_import_uses_upsert" time="0.398" /><testcase classname="tests.test_duplicate_prevention.TestDuplicatePrevention" name="test_09_leave_balance_import_uses_upsert" time="0.377"><failure message="assert 400 == 200&#10; +  where 400 = &lt;Response [400]&gt;.status_code">tests/test_duplicate_prevention.py:619: in test_09_leave_balance_import_uses_upsert
    assert response2.status_code == 200
E   assert 400 == 200
E    +  where 400 = &lt;Response [400]&gt;.status_code</failure></testcase><testcase classname="tests.test_duplicate_prevention.TestDuplicatePrevention" name="test_10_business_insurance_import_updates_existing" time="0.421" /><testcase classname="tests.test_duplicate_prevention.TestDuplicatePrevention" name="test_11_assets_import_updates_existing" time="0.393" /></testsuite></testsuites>