<?xml version="1.0" encoding="utf-8"?><testsuites name="pytest tests"><testsuite name="pytest" errors="0" failures="4" skipped="0" tests="11" time="4.935" timestamp="2026-01-17T07:56:59.402802+00:00" hostname="agent-env-072e05ef-e80c-4cd4-b053-515e29958ebb"><testcase classname="tests.test_duplicate_prevention.TestDuplicatePrevention" name="test_01_no_duplicate_employees_by_emp_code" time="0.311" /><testcase classname="tests.test_duplicate_prevention.TestDuplicatePrevention" name="test_02_no_duplicate_insurance_records" time="0.277" /><testcase classname="tests.test_duplicate_prevention.TestDuplicatePrevention" name="test_03_no_duplicate_active_salary_records" time="0.283" /><testcase classname="tests.test_duplicate_prevention.TestDuplicatePrevention" name="test_04_employee_import_prevents_duplicate_emp_code" time="1.140" /><testcase classname="tests.test_duplicate_prevention.TestDuplicatePrevention" name="test_05_employee_import_prevents_duplicate_email" time="0.365" /><testcase classname="tests.test_duplicate_prevention.TestDuplicatePrevention" name="test_06_insurance_import_updates_existing_record" time="0.402"><failure message="assert 520 == 200&#10; +  where 520 = &lt;Response [520]&gt;.status_code">tests/test_duplicate_prevention.py:316: in test_06_insurance_import_updates_existing_record
    assert response2.status_code == 200
E   assert 520 == 200
E    +  where 520 = &lt;Response [520]&gt;.status_code</failure></testcase><testcase classname="tests.test_duplicate_prevention.TestDuplicatePrevention" name="test_07_salary_import_deactivates_old_salary" time="0.401" /><testcase classname="tests.test_duplicate_prevention.TestDuplicatePrevention" name="test_08_attendance_import_uses_upsert" time="0.421" /><testcase classname="tests.test_duplicate_prevention.TestDuplicatePrevention" name="test_09_leave_balance_import_uses_upsert" time="0.359"><failure message="assert 400 == 200&#10; +  where 400 = &lt;Response [400]&gt;.status_code">tests/test_duplicate_prevention.py:619: in test_09_leave_balance_import_uses_upsert
    assert response2.status_code == 200
E   assert 400 == 200
E    +  where 400 = &lt;Response [400]&gt;.status_code</failure></testcase><testcase classname="tests.test_duplicate_prevention.TestDuplicatePrevention" name="test_10_business_insurance_import_updates_existing" time="0.382"><failure message="AssertionError: assert (0 &gt; 0 or 2 == 0)&#10; +  where 0 = &lt;built-in method get of dict object at 0xfc5281a07680&gt;('imported', 0)&#10; +    where &lt;built-in method get of dict object at 0xfc5281a07680&gt; = {'errors': [{'error': 'Missing required fields (Name of Insurance or Insurance Company)', 'row': 3}, {'error': 'Missing required fields (Name of Insurance or Insurance Company)', 'row': 4}], 'imported': 0, 'message': 'Business insurance import completed', 'total_rows': 2}.get&#10; +  and   2 = len([{'error': 'Missing required fields (Name of Insurance or Insurance Company)', 'row': 3}, {'error': 'Missing required fields (Name of Insurance or Insurance Company)', 'row': 4}])&#10; +    where [{'error': 'Missing required fields (Name of Insurance or Insurance Company)', 'row': 3}, {'error': 'Missing required fields (Name of Insurance or Insurance Company)', 'row': 4}] = &lt;built-in method get of dict object at 0xfc5281a07680&gt;('errors', [])&#10; +      where &lt;built-in method get of dict object at 0xfc5281a07680&gt; = {'errors': [{'error': 'Missing required fields (Name of Insurance or Insurance Company)', 'row': 3}, {'error': 'Missing required fields (Name of Insurance or Insurance Company)', 'row': 4}], 'imported': 0, 'message': 'Business insurance import completed', 'total_rows': 2}.get">tests/test_duplicate_prevention.py:705: in test_10_business_insurance_import_updates_existing
    assert result2.get("imported", 0) &gt; 0 or len(result2.get("errors", [])) == 0
E   AssertionError: assert (0 &gt; 0 or 2 == 0)
E    +  where 0 = &lt;built-in method get of dict object at 0xfc5281a07680&gt;('imported', 0)
E    +    where &lt;built-in method get of dict object at 0xfc5281a07680&gt; = {'errors': [{'error': 'Missing required fields (Name of Insurance or Insurance Company)', 'row': 3}, {'error': 'Missing required fields (Name of Insurance or Insurance Company)', 'row': 4}], 'imported': 0, 'message': 'Business insurance import completed', 'total_rows': 2}.get
E    +  and   2 = len([{'error': 'Missing required fields (Name of Insurance or Insurance Company)', 'row': 3}, {'error': 'Missing required fields (Name of Insurance or Insurance Company)', 'row': 4}])
E    +    where [{'error': 'Missing required fields (Name of Insurance or Insurance Company)', 'row': 3}, {'error': 'Missing required fields (Name of Insurance or Insurance Company)', 'row': 4}] = &lt;built-in method get of dict object at 0xfc5281a07680&gt;('errors', [])
E    +      where &lt;built-in method get of dict object at 0xfc5281a07680&gt; = {'errors': [{'error': 'Missing required fields (Name of Insurance or Insurance Company)', 'row': 3}, {'error': 'Missing required fields (Name of Insurance or Insurance Company)', 'row': 4}], 'imported': 0, 'message': 'Business insurance import completed', 'total_rows': 2}.get</failure></testcase><testcase classname="tests.test_duplicate_prevention.TestDuplicatePrevention" name="test_11_assets_import_updates_existing" time="0.345"><failure message="AssertionError: assert 0 &gt; 0&#10; +  where 0 = &lt;built-in method get of dict object at 0xfc5281b352c0&gt;('imported', 0)&#10; +    where &lt;built-in method get of dict object at 0xfc5281b352c0&gt; = {'errors': [{'error': 'Missing Employee Code', 'row': 2}], 'imported': 0, 'message': 'Assets import completed', 'total_rows': 1}.get">tests/test_duplicate_prevention.py:804: in test_11_assets_import_updates_existing
    assert result2.get("imported", 0) &gt; 0
E   AssertionError: assert 0 &gt; 0
E    +  where 0 = &lt;built-in method get of dict object at 0xfc5281b352c0&gt;('imported', 0)
E    +    where &lt;built-in method get of dict object at 0xfc5281b352c0&gt; = {'errors': [{'error': 'Missing Employee Code', 'row': 2}], 'imported': 0, 'message': 'Assets import completed', 'total_rows': 1}.get</failure></testcase></testsuite></testsuites>