<?xml version="1.0" encoding="utf-8"?><testsuites name="pytest tests"><testsuite name="pytest" errors="0" failures="0" skipped="0" tests="7" time="6.187" timestamp="2026-02-13T14:42:31.689818+00:00" hostname="agent-env-a28d2ed9-7364-4d24-bbb1-b99cac08da77"><testcase classname="backend.tests.test_emp_code_biometric.TestEmpCodeBiometric" name="test_01_login_as_admin" time="0.892" /><testcase classname="backend.tests.test_emp_code_biometric.TestEmpCodeBiometric" name="test_02_employee_create_model_has_emp_code" time="0.903" /><testcase classname="backend.tests.test_emp_code_biometric.TestEmpCodeBiometric" name="test_03_employee_get_returns_emp_code" time="0.582" /><testcase classname="backend.tests.test_emp_code_biometric.TestEmpCodeBiometric" name="test_04_create_employee_with_emp_code_verify_persistence" time="1.366" /><testcase classname="backend.tests.test_emp_code_biometric.TestEmpCodeBiometric" name="test_05_update_employee_emp_code" time="0.997" /><testcase classname="backend.tests.test_emp_code_biometric.TestEmpCodeBiometric" name="test_06_employee_model_includes_emp_code" time="0.437" /><testcase classname="backend.tests.test_emp_code_biometric.TestEmpCodeBiometric" name="test_07_search_employees_by_emp_code" time="0.879" /></testsuite></testsuites>