<?xml version="1.0" encoding="utf-8"?><testsuites name="pytest tests"><testsuite name="pytest" errors="0" failures="0" skipped="0" tests="9" time="2.937" timestamp="2026-01-21T12:05:13.207827+00:00" hostname="agent-env-4e04210c-8c0d-4899-b010-29de958ce3cd"><testcase classname="tests.test_employee_assets.TestEmployeeAssetsAPI" name="test_employee_assignments_endpoint_exists" time="0.365" /><testcase classname="tests.test_employee_assets.TestEmployeeAssetsAPI" name="test_employee_assignments_response_structure" time="0.297" /><testcase classname="tests.test_employee_assets.TestEmployeeAssetsAPI" name="test_employee_asset_record_fields" time="0.333" /><testcase classname="tests.test_employee_assets.TestEmployeeAssetsAPI" name="test_bulk_imported_data_visible" time="0.306" /><testcase classname="tests.test_employee_assets.TestEmployeeAssetsAPI" name="test_search_by_emp_code" time="0.302" /><testcase classname="tests.test_employee_assets.TestEmployeeAssetsAPI" name="test_search_by_employee_name" time="0.344" /><testcase classname="tests.test_employee_assets.TestEmployeeAssetsAPI" name="test_search_no_results" time="0.301" /><testcase classname="tests.test_employee_assets.TestEmployeeAssetsAPI" name="test_unauthorized_access" time="0.292" /><testcase classname="tests.test_employee_assets.TestEmployeeAssetsAPI" name="test_asset_inventory_endpoint" time="0.298" /></testsuite></testsuites>