<?xml version="1.0" encoding="utf-8"?><testsuites name="pytest tests"><testsuite name="pytest" errors="0" failures="0" skipped="0" tests="14" time="5.715" timestamp="2026-02-11T05:25:26.221922+00:00" hostname="agent-env-6ca9b366-9a23-4180-ba44-460fb343a6f6"><testcase classname="tests.test_events_api.TestEventsAPI" name="test_01_list_events" time="0.343" /><testcase classname="tests.test_events_api.TestEventsAPI" name="test_02_create_birthday_event" time="0.355" /><testcase classname="tests.test_events_api.TestEventsAPI" name="test_03_create_work_anniversary_event" time="0.297" /><testcase classname="tests.test_events_api.TestEventsAPI" name="test_04_create_event_validation" time="0.286" /><testcase classname="tests.test_events_api.TestEventsAPI" name="test_05_get_today_events" time="0.394" /><testcase classname="tests.test_events_api.TestEventsAPI" name="test_06_get_upcoming_events" time="0.400" /><testcase classname="tests.test_events_api.TestEventsAPI" name="test_07_delete_event" time="0.348" /><testcase classname="tests.test_events_api.TestEventsAPI" name="test_08_delete_nonexistent_event" time="0.317" /><testcase classname="tests.test_events_api.TestEventsAPI" name="test_09_download_template" time="1.078" /><testcase classname="tests.test_events_api.TestEventsAPI" name="test_10_marriage_anniversary_event" time="0.342" /><testcase classname="tests.test_events_api.TestEventsAPI" name="test_11_event_enrichment_with_employee_data" time="0.305" /><testcase classname="tests.test_events_api.TestCalendarTasksAPI" name="test_01_create_task_for_self" time="0.328" /><testcase classname="tests.test_events_api.TestCalendarTasksAPI" name="test_02_create_task_with_priority" time="0.448" /><testcase classname="tests.test_events_api.TestCalendarTasksAPI" name="test_03_get_tasks_by_month" time="0.291" /></testsuite></testsuites>