<?xml version="1.0" encoding="utf-8"?><testsuites name="pytest tests"><testsuite name="pytest" errors="0" failures="0" skipped="1" tests="8" time="2.460" timestamp="2026-02-11T11:09:38.068938+00:00" hostname="agent-env-e65b0c41-fb13-43a6-b9ae-1044436f4adf"><testcase classname="backend.tests.test_feedback_events.TestFeedbackCyclesAPI" name="test_get_feedback_cycles_list" time="0.273" /><testcase classname="backend.tests.test_feedback_events.TestFeedbackCyclesAPI" name="test_create_feedback_cycle" time="0.327" /><testcase classname="backend.tests.test_feedback_events.TestFeedbackCyclesAPI" name="test_get_feedback_cycle_analytics" time="0.304" /><testcase classname="backend.tests.test_feedback_events.TestEventsAPI" name="test_get_today_events" time="0.326" /><testcase classname="backend.tests.test_feedback_events.TestEventsAPI" name="test_get_all_events" time="0.283" /><testcase classname="backend.tests.test_feedback_events.TestEventsAPI" name="test_get_upcoming_events" time="0.293" /><testcase classname="backend.tests.test_feedback_events.TestSurveyAnalyticsAPI" name="test_get_surveys_list" time="0.316" /><testcase classname="backend.tests.test_feedback_events.TestSurveyAnalyticsAPI" name="test_get_survey_analytics_detailed" time="0.279"><skipped type="pytest.skip" message="No surveys exist to test analytics">/app/backend/tests/test_feedback_events.py:194: No surveys exist to test analytics</skipped></testcase></testsuite></testsuites>