<?xml version="1.0" encoding="utf-8"?><testsuites name="pytest tests"><testsuite name="pytest" errors="0" failures="0" skipped="0" tests="19" time="1.834" timestamp="2026-01-16T12:01:25.880282+00:00" hostname="agent-env-072e05ef-e80c-4cd4-b053-515e29958ebb"><testcase classname="tests.test_global_search_employee360.TestAuthAndSetup" name="test_login_success" time="0.309" /><testcase classname="tests.test_global_search_employee360.TestAuthAndSetup" name="test_auth_me" time="0.014" /><testcase classname="tests.test_global_search_employee360.TestGlobalSearchAPI" name="test_search_by_name" time="0.279" /><testcase classname="tests.test_global_search_employee360.TestGlobalSearchAPI" name="test_search_by_email" time="0.013" /><testcase classname="tests.test_global_search_employee360.TestGlobalSearchAPI" name="test_search_by_emp_code" time="0.012" /><testcase classname="tests.test_global_search_employee360.TestGlobalSearchAPI" name="test_search_minimum_chars" time="0.013" /><testcase classname="tests.test_global_search_employee360.TestGlobalSearchAPI" name="test_search_limit_parameter" time="0.014" /><testcase classname="tests.test_global_search_employee360.TestEmployee360API" name="test_get_employee_details" time="0.287" /><testcase classname="tests.test_global_search_employee360.TestEmployee360API" name="test_get_employee_attendance" time="0.011" /><testcase classname="tests.test_global_search_employee360.TestEmployee360API" name="test_get_employee_salary" time="0.017" /><testcase classname="tests.test_global_search_employee360.TestEmployee360API" name="test_get_employee_leave_balances" time="0.012" /><testcase classname="tests.test_global_search_employee360.TestEmployee360API" name="test_get_employee_leave_requests" time="0.055" /><testcase classname="tests.test_global_search_employee360.TestEmployee360API" name="test_get_employee_insurance" time="0.013" /><testcase classname="tests.test_global_search_employee360.TestEmployee360API" name="test_get_employee_assets" time="0.010" /><testcase classname="tests.test_global_search_employee360.TestEmployee360API" name="test_get_employee_payslips" time="0.051" /><testcase classname="tests.test_global_search_employee360.TestEmployee360WithSpecificEmployee" name="test_specific_employee_exists" time="0.279" /><testcase classname="tests.test_global_search_employee360.TestEmployee360WithSpecificEmployee" name="test_specific_employee_salary_structure" time="0.016" /><testcase classname="tests.test_global_search_employee360.TestSearchResultNavigation" name="test_search_result_has_employee_id" time="0.276" /><testcase classname="tests.test_global_search_employee360.TestSearchResultNavigation" name="test_search_result_has_display_fields" time="0.011" /></testsuite></testsuites>