<?xml version="1.0" encoding="utf-8"?><testsuites name="pytest tests"><testsuite name="pytest" errors="0" failures="0" skipped="0" tests="21" time="11.534" timestamp="2026-02-19T11:09:19.697700+00:00" hostname="agent-env-a28d2ed9-7364-4d24-bbb1-b99cac08da77"><testcase classname="backend.tests.test_health_check_44.TestAuthentication" name="test_admin_login" time="0.420" /><testcase classname="backend.tests.test_health_check_44.TestAuthentication" name="test_hr_login" time="0.375" /><testcase classname="backend.tests.test_health_check_44.TestAuthentication" name="test_invalid_login" time="0.163" /><testcase classname="backend.tests.test_health_check_44.TestEmployeeEndpoints" name="test_list_employees" time="0.465" /><testcase classname="backend.tests.test_health_check_44.TestEmployeeEndpoints" name="test_employees_no_mongodb_id" time="0.418" /><testcase classname="backend.tests.test_health_check_44.TestEmployeeEndpoints" name="test_employee_status_filter" time="0.593" /><testcase classname="backend.tests.test_health_check_44.TestEmployeeEndpoints" name="test_create_and_delete_employee" time="0.858" /><testcase classname="backend.tests.test_health_check_44.TestAttendanceEndpoints" name="test_attendance_organization" time="0.436" /><testcase classname="backend.tests.test_health_check_44.TestAttendanceEndpoints" name="test_attendance_daily" time="0.662" /><testcase classname="backend.tests.test_health_check_44.TestUserManagement" name="test_list_users" time="0.432" /><testcase classname="backend.tests.test_health_check_44.TestUserManagement" name="test_roles_list_canonical_ids" time="0.481" /><testcase classname="backend.tests.test_health_check_44.TestUserManagement" name="test_user_crud_full_cycle" time="1.408" /><testcase classname="backend.tests.test_health_check_44.TestTrainingEndpoints" name="test_list_programs" time="0.435" /><testcase classname="backend.tests.test_health_check_44.TestTrainingEndpoints" name="test_training_program_crud" time="0.759" /><testcase classname="backend.tests.test_health_check_44.TestTrainingEndpoints" name="test_enrollment_crud" time="0.845" /><testcase classname="backend.tests.test_health_check_44.TestDashboardAndOtherPages" name="test_dashboard_stats" time="0.432" /><testcase classname="backend.tests.test_health_check_44.TestDashboardAndOtherPages" name="test_departments" time="0.472" /><testcase classname="backend.tests.test_health_check_44.TestDashboardAndOtherPages" name="test_leave_types" time="0.448" /><testcase classname="backend.tests.test_health_check_44.TestDashboardAndOtherPages" name="test_announcements" time="0.454" /><testcase classname="backend.tests.test_health_check_44.TestDashboardAndOtherPages" name="test_sops" time="0.422" /><testcase classname="backend.tests.test_health_check_44.TestBiometricConfig" name="test_biometric_config" time="0.434" /></testsuite></testsuites>