<?xml version="1.0" encoding="utf-8"?><testsuites name="pytest tests"><testsuite name="pytest" errors="0" failures="0" skipped="0" tests="19" time="2.124" timestamp="2026-01-28T06:20:05.902332+00:00" hostname="agent-env-975082a0-f44d-4cc3-99fc-73bb45f609d8"><testcase classname="backend.tests.test_helpdesk_features.TestSetup" name="test_login_success" time="0.338" /><testcase classname="backend.tests.test_helpdesk_features.TestSuggestions" name="test_list_suggestions" time="0.275" /><testcase classname="backend.tests.test_helpdesk_features.TestSuggestions" name="test_create_suggestion" time="0.013" /><testcase classname="backend.tests.test_helpdesk_features.TestSuggestions" name="test_create_anonymous_suggestion" time="0.017" /><testcase classname="backend.tests.test_helpdesk_features.TestSuggestions" name="test_list_suggestions_with_status_filter" time="0.011" /><testcase classname="backend.tests.test_helpdesk_features.TestSurveys" name="test_list_surveys" time="0.272" /><testcase classname="backend.tests.test_helpdesk_features.TestSurveys" name="test_get_survey_templates" time="0.015" /><testcase classname="backend.tests.test_helpdesk_features.TestSurveys" name="test_create_survey_with_questions" time="0.051" /><testcase classname="backend.tests.test_helpdesk_features.TestSurveys" name="test_create_survey_with_targeting" time="0.018" /><testcase classname="backend.tests.test_helpdesk_features.TestSurveys" name="test_get_departments_for_targeting" time="0.012" /><testcase classname="backend.tests.test_helpdesk_features.TestSurveys" name="test_get_locations_for_targeting" time="0.051" /><testcase classname="backend.tests.test_helpdesk_features.TestSurveys" name="test_get_employees_for_selection" time="0.012" /><testcase classname="backend.tests.test_helpdesk_features.TestSurveys" name="test_search_employees_for_selection" time="0.011" /><testcase classname="backend.tests.test_helpdesk_features.TestPayrollDelete" name="test_list_payroll_runs" time="0.276" /><testcase classname="backend.tests.test_helpdesk_features.TestPayrollDelete" name="test_delete_payroll_nonexistent" time="0.009" /><testcase classname="backend.tests.test_helpdesk_features.TestPayrollDelete" name="test_create_and_delete_payroll" time="0.113" /><testcase classname="backend.tests.test_helpdesk_features.TestGrievancesWithPriority" name="test_list_grievances" time="0.271" /><testcase classname="backend.tests.test_helpdesk_features.TestGrievancesWithPriority" name="test_create_grievance_with_priority" time="0.011" /><testcase classname="backend.tests.test_helpdesk_features.TestCleanup" name="test_cleanup_test_surveys" time="0.294" /></testsuite></testsuites>