<?xml version="1.0" encoding="utf-8"?><testsuites name="pytest tests"><testsuite name="pytest" errors="0" failures="0" skipped="0" tests="11" time="2.971" timestamp="2026-01-20T06:47:40.567668+00:00" hostname="agent-env-072e05ef-e80c-4cd4-b053-515e29958ebb"><testcase classname="tests.test_hr_features.TestLoginMustChangePassword" name="test_admin_login_returns_must_change_password_false" time="0.282" /><testcase classname="tests.test_hr_features.TestLoginMustChangePassword" name="test_employee_login_returns_must_change_password_field" time="0.266" /><testcase classname="tests.test_hr_features.TestChangePasswordAPI" name="test_change_password_requires_auth" time="0.036" /><testcase classname="tests.test_hr_features.TestChangePasswordAPI" name="test_change_password_validates_length" time="0.296" /><testcase classname="tests.test_hr_features.TestChangePasswordAPI" name="test_change_password_requires_current_for_non_first_login" time="0.291" /><testcase classname="tests.test_hr_features.TestEmployeeRoleRestrictions" name="test_admin_can_list_all_employees" time="0.271" /><testcase classname="tests.test_hr_features.TestEmployeeRoleRestrictions" name="test_employee_can_only_see_own_data" time="0.301" /><testcase classname="tests.test_hr_features.TestEmployeeRoleRestrictions" name="test_admin_can_access_auth_me" time="0.312" /><testcase classname="tests.test_hr_features.TestEmployeeRoleRestrictions" name="test_employee_can_access_auth_me" time="0.263" /><testcase classname="tests.test_hr_features.TestAttendanceOrganizationAccess" name="test_admin_can_access_organization_attendance" time="0.274" /><testcase classname="tests.test_hr_features.TestAttendanceOrganizationAccess" name="test_employee_can_access_my_attendance" time="0.262" /></testsuite></testsuites>