<?xml version="1.0" encoding="utf-8"?><testsuites name="pytest tests"><testsuite name="pytest" errors="0" failures="0" skipped="0" tests="12" time="1.734" timestamp="2026-01-10T06:59:40.119575+00:00" hostname="agent-env-f30e94da-8d5d-474d-8388-d759ff66239c"><testcase classname="tests.test_insurance_api.TestAuth" name="test_login_success" time="0.305" /><testcase classname="tests.test_insurance_api.TestEmployeeInsurance" name="test_get_all_insurance_records" time="0.308" /><testcase classname="tests.test_insurance_api.TestEmployeeInsurance" name="test_create_esic_covered_employee" time="0.044" /><testcase classname="tests.test_insurance_api.TestEmployeeInsurance" name="test_create_non_esic_employee" time="0.045" /><testcase classname="tests.test_insurance_api.TestEmployeeInsurance" name="test_get_insurance_by_status" time="0.043" /><testcase classname="tests.test_insurance_api.TestEmployeeInsurance" name="test_download_employee_insurance_template" time="0.054" /><testcase classname="tests.test_insurance_api.TestBusinessInsurance" name="test_get_all_business_insurance" time="0.306" /><testcase classname="tests.test_insurance_api.TestBusinessInsurance" name="test_create_business_insurance" time="0.081" /><testcase classname="tests.test_insurance_api.TestBusinessInsurance" name="test_create_vehicle_insurance" time="0.042" /><testcase classname="tests.test_insurance_api.TestBusinessInsurance" name="test_download_business_insurance_template" time="0.043" /><testcase classname="tests.test_insurance_api.TestInsuranceValidation" name="test_employee_insurance_requires_emp_code" time="0.298" /><testcase classname="tests.test_insurance_api.TestInsuranceValidation" name="test_business_insurance_requires_name_and_company" time="0.040" /></testsuite></testsuites>