<?xml version="1.0" encoding="utf-8"?><testsuites name="pytest tests"><testsuite name="pytest" errors="0" failures="0" skipped="0" tests="15" time="2.653" timestamp="2026-02-11T11:59:03.891048+00:00" hostname="agent-env-e65b0c41-fb13-43a6-b9ae-1044436f4adf"><testcase classname="backend.tests.test_iteration_37.TestAuth" name="test_admin_login" time="0.345" /><testcase classname="backend.tests.test_iteration_37.TestAuth" name="test_employee_login" time="0.272" /><testcase classname="backend.tests.test_iteration_37.TestEmployeeSidebarAccess" name="test_employee_helpdesk_surveys" time="0.272" /><testcase classname="backend.tests.test_iteration_37.TestEmployeeSidebarAccess" name="test_employee_training_my_training" time="0.016" /><testcase classname="backend.tests.test_iteration_37.TestEmployeeSidebarAccess" name="test_employee_sop_my_sops" time="0.053" /><testcase classname="backend.tests.test_iteration_37.TestEmployeeSidebarAccess" name="test_employee_travel_my_active_tour" time="0.017" /><testcase classname="backend.tests.test_iteration_37.TestRemoteCheckinVisibility" name="test_remote_checkin_visibility_regular_employee" time="0.278" /><testcase classname="backend.tests.test_iteration_37.TestCORSConfiguration" name="test_cors_preflight_options" time="0.057" /><testcase classname="backend.tests.test_iteration_37.TestCORSConfiguration" name="test_cors_with_bearer_token" time="0.306" /><testcase classname="backend.tests.test_iteration_37.TestDataManagementAccess" name="test_data_management_stats" time="0.286" /><testcase classname="backend.tests.test_iteration_37.TestDataManagementAccess" name="test_data_management_departments" time="0.052" /><testcase classname="backend.tests.test_iteration_37.TestDataManagementAccess" name="test_data_management_employees_list" time="0.015" /><testcase classname="backend.tests.test_iteration_37.TestTrainingPageAccess" name="test_training_programs" time="0.317" /><testcase classname="backend.tests.test_iteration_37.TestUserManagementAccess" name="test_users_list" time="0.276" /><testcase classname="backend.tests.test_iteration_37.TestUserManagementAccess" name="test_users_roles_list" time="0.010" /></testsuite></testsuites>