<?xml version="1.0" encoding="utf-8"?><testsuites name="pytest tests"><testsuite name="pytest" errors="0" failures="0" skipped="0" tests="15" time="6.607" timestamp="2026-02-13T14:58:19.810150+00:00" hostname="agent-env-a28d2ed9-7364-4d24-bbb1-b99cac08da77"><testcase classname="backend.tests.test_training_employee_features.TestLoginAndAuth" name="test_admin_login" time="0.479" /><testcase classname="backend.tests.test_training_employee_features.TestTrainingProgramsCRUD" name="test_list_training_programs" time="0.723" /><testcase classname="backend.tests.test_training_employee_features.TestTrainingProgramsCRUD" name="test_create_training_program" time="0.167" /><testcase classname="backend.tests.test_training_employee_features.TestTrainingProgramsCRUD" name="test_get_training_program_details" time="0.172" /><testcase classname="backend.tests.test_training_employee_features.TestTrainingProgramsCRUD" name="test_update_training_program" time="0.285" /><testcase classname="backend.tests.test_training_employee_features.TestTrainingProgramsCRUD" name="test_delete_training_program" time="0.481" /><testcase classname="backend.tests.test_training_employee_features.TestEnrollmentManagement" name="test_enroll_employee_in_program" time="0.707" /><testcase classname="backend.tests.test_training_employee_features.TestEnrollmentManagement" name="test_get_program_with_enrollments" time="0.121" /><testcase classname="backend.tests.test_training_employee_features.TestEnrollmentManagement" name="test_remove_enrollment" time="0.150" /><testcase classname="backend.tests.test_training_employee_features.TestEmployeeActivateDeactivate" name="test_create_test_employee" time="0.713" /><testcase classname="backend.tests.test_training_employee_features.TestEmployeeActivateDeactivate" name="test_deactivate_employee" time="0.283" /><testcase classname="backend.tests.test_training_employee_features.TestEmployeeActivateDeactivate" name="test_activate_employee" time="0.254" /><testcase classname="backend.tests.test_training_employee_features.TestEmployeeActivateDeactivate" name="test_permanent_delete_employee" time="1.059" /><testcase classname="backend.tests.test_training_employee_features.TestEmployeeActivateDeactivate" name="test_list_inactive_employees" time="0.274" /><testcase classname="backend.tests.test_training_employee_features.TestCleanup" name="test_cleanup_test_data" time="0.618" /></testsuite></testsuites>