<?xml version="1.0" encoding="utf-8"?><testsuites name="pytest tests"><testsuite name="pytest" errors="0" failures="2" skipped="0" tests="15" time="2.676" timestamp="2026-02-11T11:58:46.429558+00:00" hostname="agent-env-e65b0c41-fb13-43a6-b9ae-1044436f4adf"><testcase classname="backend.tests.test_iteration_37.TestAuth" name="test_admin_login" time="0.344" /><testcase classname="backend.tests.test_iteration_37.TestAuth" name="test_employee_login" time="0.270" /><testcase classname="backend.tests.test_iteration_37.TestEmployeeSidebarAccess" name="test_employee_helpdesk_surveys" time="0.276" /><testcase classname="backend.tests.test_iteration_37.TestEmployeeSidebarAccess" name="test_employee_training_my_training" time="0.017"><failure message="AssertionError: Expected list of training assignments&#10;assert False&#10; +  where False = isinstance({'certifications': [], 'enrollments': [], 'skills': []}, list)">backend/tests/test_iteration_37.py:96: in test_employee_training_my_training
    assert isinstance(data, list), "Expected list of training assignments"
E   AssertionError: Expected list of training assignments
E   assert False
E    +  where False = isinstance({'certifications': [], 'enrollments': [], 'skills': []}, list)</failure></testcase><testcase classname="backend.tests.test_iteration_37.TestEmployeeSidebarAccess" name="test_employee_sop_my_sops" time="0.015"><failure message="AssertionError: Expected list of SOPs&#10;assert False&#10; +  where False = isinstance({'also_involved': [], 'main_responsible': []}, list)">backend/tests/test_iteration_37.py:104: in test_employee_sop_my_sops
    assert isinstance(data, list), "Expected list of SOPs"
E   AssertionError: Expected list of SOPs
E   assert False
E    +  where False = isinstance({'also_involved': [], 'main_responsible': []}, list)</failure></testcase><testcase classname="backend.tests.test_iteration_37.TestEmployeeSidebarAccess" name="test_employee_travel_my_active_tour" time="0.014" /><testcase classname="backend.tests.test_iteration_37.TestRemoteCheckinVisibility" name="test_remote_checkin_visibility_regular_employee" time="0.283" /><testcase classname="backend.tests.test_iteration_37.TestCORSConfiguration" name="test_cors_preflight_options" time="0.041" /><testcase classname="backend.tests.test_iteration_37.TestCORSConfiguration" name="test_cors_with_bearer_token" time="0.321" /><testcase classname="backend.tests.test_iteration_37.TestDataManagementAccess" name="test_data_management_stats" time="0.309" /><testcase classname="backend.tests.test_iteration_37.TestDataManagementAccess" name="test_data_management_departments" time="0.009" /><testcase classname="backend.tests.test_iteration_37.TestDataManagementAccess" name="test_data_management_employees_list" time="0.010" /><testcase classname="backend.tests.test_iteration_37.TestTrainingPageAccess" name="test_training_programs" time="0.274" /><testcase classname="backend.tests.test_iteration_37.TestUserManagementAccess" name="test_users_list" time="0.277" /><testcase classname="backend.tests.test_iteration_37.TestUserManagementAccess" name="test_users_roles_list" time="0.012" /></testsuite></testsuites>