<?xml version="1.0" encoding="utf-8"?><testsuites name="pytest tests"><testsuite name="pytest" errors="0" failures="0" skipped="0" tests="9" time="3.013" timestamp="2026-03-05T06:26:36.477988+00:00" hostname="agent-env-591a0ad8-140d-4427-be43-3d1d6d8fff8f"><testcase classname="backend.tests.test_leave_approval_flow.TestLeaveApprovalFlow" name="test_employee_has_reporting_manager" time="0.553" /><testcase classname="backend.tests.test_leave_approval_flow.TestLeaveApprovalFlow" name="test_apply_leave_sets_dept_head_id" time="0.499" /><testcase classname="backend.tests.test_leave_approval_flow.TestLeaveApprovalFlow" name="test_manager_sees_pending_approvals" time="0.391" /><testcase classname="backend.tests.test_leave_approval_flow.TestLeaveApprovalFlow" name="test_manager_approves_leave" time="0.170" /><testcase classname="backend.tests.test_leave_approval_flow.TestLeaveApprovalFlow" name="test_hr_approves_after_manager" time="0.114" /><testcase classname="backend.tests.test_leave_approval_flow.TestLeaveApprovalFlow" name="test_manager_can_reject_leave" time="0.174" /><testcase classname="backend.tests.test_leave_approval_flow.TestLeaveApprovalFlow" name="test_hr_can_approve_directly" time="0.164" /><testcase classname="backend.tests.test_leave_approval_flow.TestLeaveApprovalStatusDisplay" name="test_my_requests_show_approval_status" time="0.433" /><testcase classname="backend.tests.test_leave_approval_flow.TestApprovalsTabVisibility" name="test_manager_pending_approvals_accessible" time="0.386" /></testsuite></testsuites>