<?xml version="1.0" encoding="utf-8"?><testsuites name="pytest tests"><testsuite name="pytest" errors="0" failures="0" skipped="0" tests="21" time="4.815" timestamp="2026-03-13T08:04:01.718526+00:00" hostname="agent-env-d6af04de-64a4-481b-88b1-05867038dcd9"><testcase classname="backend.tests.test_leave_attendance_helpdesk_phase2.TestAuth" name="test_admin_login" time="0.400" /><testcase classname="backend.tests.test_leave_attendance_helpdesk_phase2.TestLeaveApprovalAutoAttendance" name="test_leave_types_exist" time="0.408" /><testcase classname="backend.tests.test_leave_attendance_helpdesk_phase2.TestLeaveApprovalAutoAttendance" name="test_leave_approval_creates_attendance" time="0.259" /><testcase classname="backend.tests.test_leave_attendance_helpdesk_phase2.TestLeaveApprovalAutoAttendance" name="test_existing_leave_attendance_records" time="0.163" /><testcase classname="backend.tests.test_leave_attendance_helpdesk_phase2.TestTourAutoMarkScheduler" name="test_scheduler_jobs_endpoint" time="0.389" /><testcase classname="backend.tests.test_leave_attendance_helpdesk_phase2.TestTourAutoMarkScheduler" name="test_tour_attendance_function_signature" time="0.001" /><testcase classname="backend.tests.test_leave_attendance_helpdesk_phase2.TestSurveyTemplates" name="test_get_survey_templates" time="0.397" /><testcase classname="backend.tests.test_leave_attendance_helpdesk_phase2.TestSurveyTemplates" name="test_360_template_has_7_competencies" time="0.050" /><testcase classname="backend.tests.test_leave_attendance_helpdesk_phase2.Test360FeedbackCyclesCRUD" name="test_create_feedback_cycle" time="0.376" /><testcase classname="backend.tests.test_leave_attendance_helpdesk_phase2.Test360FeedbackCyclesCRUD" name="test_list_feedback_cycles" time="0.049" /><testcase classname="backend.tests.test_leave_attendance_helpdesk_phase2.Test360FeedbackCyclesCRUD" name="test_update_feedback_cycle_status" time="0.162" /><testcase classname="backend.tests.test_leave_attendance_helpdesk_phase2.Test360FeedbackCyclesCRUD" name="test_delete_feedback_cycle" time="0.152" /><testcase classname="backend.tests.test_leave_attendance_helpdesk_phase2.Test360FeedbackCyclesCRUD" name="test_get_feedback_cycle_by_id" time="0.166" /><testcase classname="backend.tests.test_leave_attendance_helpdesk_phase2.TestSurveyManagement" name="test_create_survey" time="0.392" /><testcase classname="backend.tests.test_leave_attendance_helpdesk_phase2.TestSurveyManagement" name="test_list_surveys" time="0.058" /><testcase classname="backend.tests.test_leave_attendance_helpdesk_phase2.TestSurveyManagement" name="test_activate_survey" time="0.115" /><testcase classname="backend.tests.test_leave_attendance_helpdesk_phase2.TestSurveyManagement" name="test_close_survey" time="0.167" /><testcase classname="backend.tests.test_leave_attendance_helpdesk_phase2.TestSurveyManagement" name="test_survey_analytics" time="0.116" /><testcase classname="backend.tests.test_leave_attendance_helpdesk_phase2.TestSurveyManagement" name="test_delete_survey" time="0.114" /><testcase classname="backend.tests.test_leave_attendance_helpdesk_phase2.TestCleanup" name="test_cleanup_test_feedback_cycles" time="0.528" /><testcase classname="backend.tests.test_leave_attendance_helpdesk_phase2.TestCleanup" name="test_cleanup_test_surveys" time="0.291" /></testsuite></testsuites>