<?xml version="1.0" encoding="utf-8"?><testsuites name="pytest tests"><testsuite name="pytest" errors="0" failures="0" skipped="0" tests="26" time="0.670" timestamp="2026-02-04T17:29:04.055087+00:00" hostname="agent-env-07d76771-9725-43da-92ce-927f5e48a085"><testcase classname="backend.tests.test_meetings_notifications.TestMeetingsCRUD" name="test_list_meetings" time="0.099" /><testcase classname="backend.tests.test_meetings_notifications.TestMeetingsCRUD" name="test_create_meeting_success" time="0.019" /><testcase classname="backend.tests.test_meetings_notifications.TestMeetingsCRUD" name="test_create_meeting_validation_subject" time="0.017" /><testcase classname="backend.tests.test_meetings_notifications.TestMeetingsCRUD" name="test_create_meeting_validation_date" time="0.019" /><testcase classname="backend.tests.test_meetings_notifications.TestMeetingsCRUD" name="test_create_meeting_validation_time" time="0.014" /><testcase classname="backend.tests.test_meetings_notifications.TestMeetingsCRUD" name="test_get_meeting_details" time="0.018" /><testcase classname="backend.tests.test_meetings_notifications.TestMeetingsCRUD" name="test_get_meeting_not_found" time="0.014" /><testcase classname="backend.tests.test_meetings_notifications.TestMeetingsCRUD" name="test_update_meeting" time="0.018" /><testcase classname="backend.tests.test_meetings_notifications.TestMeetingNotes" name="test_add_discussion_note" time="0.013" /><testcase classname="backend.tests.test_meetings_notifications.TestMeetingNotes" name="test_add_note_validation" time="0.013" /><testcase classname="backend.tests.test_meetings_notifications.TestMeetingNotes" name="test_update_discussion_note" time="0.016" /><testcase classname="backend.tests.test_meetings_notifications.TestMeetingNotes" name="test_delete_discussion_note" time="0.054" /><testcase classname="backend.tests.test_meetings_notifications.TestFollowUpPoints" name="test_add_followup_point" time="0.022" /><testcase classname="backend.tests.test_meetings_notifications.TestFollowUpPoints" name="test_toggle_followup_to_completed" time="0.014" /><testcase classname="backend.tests.test_meetings_notifications.TestFollowUpPoints" name="test_toggle_followup_to_pending" time="0.014" /><testcase classname="backend.tests.test_meetings_notifications.TestScheduleFollowUp" name="test_schedule_followup_meeting" time="0.016" /><testcase classname="backend.tests.test_meetings_notifications.TestScheduleFollowUp" name="test_schedule_followup_validation" time="0.013" /><testcase classname="backend.tests.test_meetings_notifications.TestScheduleFollowUp" name="test_get_meeting_series" time="0.016" /><testcase classname="backend.tests.test_meetings_notifications.TestMeetingAnalytics" name="test_analytics_overview" time="0.020" /><testcase classname="backend.tests.test_meetings_notifications.TestMeetingAnalytics" name="test_employee_meeting_stats" time="0.054" /><testcase classname="backend.tests.test_meetings_notifications.TestNotifications" name="test_list_notifications" time="0.013" /><testcase classname="backend.tests.test_meetings_notifications.TestNotifications" name="test_unread_count" time="0.016" /><testcase classname="backend.tests.test_meetings_notifications.TestNotifications" name="test_mark_all_read" time="0.055" /><testcase classname="backend.tests.test_meetings_notifications.TestNotifications" name="test_clear_all_notifications" time="0.013" /><testcase classname="backend.tests.test_meetings_notifications.TestMeetingCancellation" name="test_cancel_meeting" time="0.015" /><testcase classname="backend.tests.test_meetings_notifications.TestMeetingCancellation" name="test_cancel_original_meeting" time="0.014" /></testsuite></testsuites>