<?xml version="1.0" encoding="utf-8"?><testsuites name="pytest tests"><testsuite name="pytest" errors="0" failures="0" skipped="0" tests="14" time="1.902" timestamp="2026-03-19T12:42:07.406644+00:00" hostname="agent-env-d6af04de-64a4-481b-88b1-05867038dcd9"><testcase classname="backend.tests.test_mis_compliance_edit.TestMISComplianceSection" name="test_compliance_endpoint_returns_correct_structure" time="0.562" /><testcase classname="backend.tests.test_mis_compliance_edit.TestMISComplianceSection" name="test_compliance_pending_list_has_department_info" time="0.064" /><testcase classname="backend.tests.test_mis_compliance_edit.TestMISComplianceSection" name="test_compliance_progress_calculation" time="0.078" /><testcase classname="backend.tests.test_mis_compliance_edit.TestMISTemplatesEditFeature" name="test_templates_list_has_required_fields" time="0.081" /><testcase classname="backend.tests.test_mis_compliance_edit.TestMISTemplatesEditFeature" name="test_templates_have_frequency_badges" time="0.065" /><testcase classname="backend.tests.test_mis_compliance_edit.TestMISTemplatesEditFeature" name="test_create_template_upserts_by_employee_frequency" time="0.194" /><testcase classname="backend.tests.test_mis_compliance_edit.TestMISTemplatesEditFeature" name="test_get_employee_templates_returns_array" time="0.116" /><testcase classname="backend.tests.test_mis_compliance_edit.TestMISTemplatesFilters" name="test_templates_have_searchable_employee_name" time="0.060" /><testcase classname="backend.tests.test_mis_compliance_edit.TestMISTemplatesFilters" name="test_templates_have_department_for_filter" time="0.065" /><testcase classname="backend.tests.test_mis_compliance_edit.TestMISEntriesFrequency" name="test_create_entry_with_frequency_field" time="0.128" /><testcase classname="backend.tests.test_mis_compliance_edit.TestMISEntriesFrequency" name="test_quarterly_entry_current_quarter_allowed" time="0.123" /><testcase classname="backend.tests.test_mis_compliance_edit.TestMISEntriesFrequency" name="test_admin_can_edit_past_quarter_entries" time="0.117" /><testcase classname="backend.tests.test_mis_compliance_edit.TestMISComplianceDate" name="test_compliance_returns_today_by_default" time="0.063" /><testcase classname="backend.tests.test_mis_compliance_edit.TestMISComplianceDate" name="test_compliance_accepts_custom_date" time="0.068" /></testsuite></testsuites>