<?xml version="1.0" encoding="utf-8"?><testsuites name="pytest tests"><testsuite name="pytest" errors="0" failures="0" skipped="0" tests="26" time="10.527" timestamp="2026-03-14T05:51:20.631291+00:00" hostname="agent-env-d6af04de-64a4-481b-88b1-05867038dcd9"><testcase classname="backend.tests.test_mis_explorer_kpi.TestMisExplorerKpi" name="test_mis_entries_endpoint_accessible" time="0.450" /><testcase classname="backend.tests.test_mis_explorer_kpi.TestMisExplorerKpi" name="test_mis_entries_with_employee_id" time="0.413" /><testcase classname="backend.tests.test_mis_explorer_kpi.TestMisExplorerKpi" name="test_mis_entries_with_period_daily" time="0.415" /><testcase classname="backend.tests.test_mis_explorer_kpi.TestMisExplorerKpi" name="test_mis_entries_with_period_weekly" time="0.397" /><testcase classname="backend.tests.test_mis_explorer_kpi.TestMisExplorerKpi" name="test_mis_entries_with_period_monthly" time="0.396" /><testcase classname="backend.tests.test_mis_explorer_kpi.TestMisExplorerKpi" name="test_mis_entries_with_period_quarterly" time="0.389" /><testcase classname="backend.tests.test_mis_explorer_kpi.TestMisExplorerKpi" name="test_mis_entries_with_period_half_yearly" time="0.378" /><testcase classname="backend.tests.test_mis_explorer_kpi.TestMisExplorerKpi" name="test_mis_entries_with_period_annual" time="0.391" /><testcase classname="backend.tests.test_mis_explorer_kpi.TestMisExplorerKpi" name="test_mis_entries_with_employee_and_period" time="0.384" /><testcase classname="backend.tests.test_mis_explorer_kpi.TestMisExplorerKpi" name="test_mis_summary_endpoint_accessible" time="0.391" /><testcase classname="backend.tests.test_mis_explorer_kpi.TestMisExplorerKpi" name="test_mis_summary_with_employee_id" time="0.386" /><testcase classname="backend.tests.test_mis_explorer_kpi.TestMisExplorerKpi" name="test_mis_summary_with_daily_period" time="0.392" /><testcase classname="backend.tests.test_mis_explorer_kpi.TestMisExplorerKpi" name="test_mis_summary_with_monthly_period" time="0.378" /><testcase classname="backend.tests.test_mis_explorer_kpi.TestMisExplorerKpi" name="test_mis_summary_with_employee_and_period" time="0.386" /><testcase classname="backend.tests.test_mis_explorer_kpi.TestMisExplorerKpi" name="test_kpi_scores_endpoint_accessible" time="0.373" /><testcase classname="backend.tests.test_mis_explorer_kpi.TestMisExplorerKpi" name="test_kpi_scores_with_employee_id" time="0.403" /><testcase classname="backend.tests.test_mis_explorer_kpi.TestMisExplorerKpi" name="test_kpi_scores_with_period_monthly" time="0.388" /><testcase classname="backend.tests.test_mis_explorer_kpi.TestMisExplorerKpi" name="test_kpi_scores_with_period_quarterly" time="0.379" /><testcase classname="backend.tests.test_mis_explorer_kpi.TestMisExplorerKpi" name="test_kpi_scores_with_employee_and_period" time="0.372" /><testcase classname="backend.tests.test_mis_explorer_kpi.TestMisExplorerKpi" name="test_kpi_scores_response_structure" time="0.380" /><testcase classname="backend.tests.test_mis_explorer_kpi.TestMisExplorerKpi" name="test_admin_can_view_any_employee_mis_entries" time="0.502" /><testcase classname="backend.tests.test_mis_explorer_kpi.TestMisExplorerKpi" name="test_admin_can_view_any_employee_kpi_scores" time="0.438" /><testcase classname="backend.tests.test_mis_explorer_kpi.TestMisExplorerKpi" name="test_mis_compliance_endpoint" time="0.402" /><testcase classname="backend.tests.test_mis_explorer_kpi.TestMisExplorerKpi" name="test_mis_templates_endpoint" time="0.422" /><testcase classname="backend.tests.test_mis_explorer_kpi.TestMisExplorerKpi" name="test_all_kpi_definitions_endpoint" time="0.397" /><testcase classname="backend.tests.test_mis_explorer_kpi.TestMisExplorerKpi" name="test_all_kra_definitions_endpoint" time="0.383" /></testsuite></testsuites>