<?xml version="1.0" encoding="utf-8"?><testsuites name="pytest tests"><testsuite name="pytest" errors="0" failures="0" skipped="0" tests="14" time="6.877" timestamp="2026-03-19T13:29:18.762458+00:00" hostname="agent-env-ef1bd6f7-4979-48d7-b22f-1279850fb1d4"><testcase classname="backend.tests.test_mis_compliance_redesign.TestMISComplianceRedesign" name="test_mis_compliance_endpoint_returns_200" time="1.171" /><testcase classname="backend.tests.test_mis_compliance_redesign.TestMISComplianceRedesign" name="test_mis_compliance_has_required_fields" time="0.492" /><testcase classname="backend.tests.test_mis_compliance_redesign.TestMISComplianceRedesign" name="test_total_equals_filled_plus_not_filled" time="0.400" /><testcase classname="backend.tests.test_mis_compliance_redesign.TestMISComplianceRedesign" name="test_deduplication_31_unique_employees" time="0.426" /><testcase classname="backend.tests.test_mis_compliance_redesign.TestMISComplianceRedesign" name="test_filled_list_has_employee_info" time="0.453" /><testcase classname="backend.tests.test_mis_compliance_redesign.TestMISComplianceRedesign" name="test_filled_list_has_fields_data" time="0.405" /><testcase classname="backend.tests.test_mis_compliance_redesign.TestMISComplianceRedesign" name="test_filled_list_has_status" time="0.413" /><testcase classname="backend.tests.test_mis_compliance_redesign.TestMISComplianceRedesign" name="test_not_filled_list_has_employee_info" time="0.405" /><testcase classname="backend.tests.test_mis_compliance_redesign.TestMISComplianceRedesign" name="test_not_filled_list_can_be_grouped_by_department" time="0.444" /><testcase classname="backend.tests.test_mis_compliance_redesign.TestMISComplianceRedesign" name="test_filled_list_can_be_grouped_by_department" time="0.478" /><testcase classname="backend.tests.test_mis_compliance_redesign.TestMISComplianceRedesign" name="test_compliance_accepts_custom_date" time="0.434" /><testcase classname="backend.tests.test_mis_compliance_redesign.TestMISComplianceRedesign" name="test_percentage_calculation" time="0.442" /><testcase classname="backend.tests.test_mis_compliance_redesign.TestMISComplianceEntryFields" name="test_filled_list_includes_entry_id" time="0.399" /><testcase classname="backend.tests.test_mis_compliance_redesign.TestMISComplianceEntryFields" name="test_filled_list_includes_template_id" time="0.405" /></testsuite></testsuites>