<?xml version="1.0" encoding="utf-8"?><testsuites name="pytest tests"><testsuite name="pytest" errors="0" failures="0" skipped="0" tests="17" time="2.005" timestamp="2026-03-18T10:01:16.867760+00:00" hostname="agent-env-d6af04de-64a4-481b-88b1-05867038dcd9"><testcase classname="backend.tests.test_multi_frequency_mis.TestMisTemplatesFrequency" name="test_create_mis_template_with_daily_frequency" time="0.523" /><testcase classname="backend.tests.test_multi_frequency_mis.TestMisTemplatesFrequency" name="test_create_mis_template_with_weekly_frequency" time="0.065" /><testcase classname="backend.tests.test_multi_frequency_mis.TestMisTemplatesFrequency" name="test_create_mis_template_with_monthly_frequency" time="0.066" /><testcase classname="backend.tests.test_multi_frequency_mis.TestMisTemplatesFrequency" name="test_create_mis_template_with_quarterly_frequency" time="0.063" /><testcase classname="backend.tests.test_multi_frequency_mis.TestMisTemplatesFrequency" name="test_upsert_template_updates_existing_for_same_frequency" time="0.127" /><testcase classname="backend.tests.test_multi_frequency_mis.TestGetEmployeeTemplates" name="test_get_employee_templates_returns_array" time="0.062" /><testcase classname="backend.tests.test_multi_frequency_mis.TestGetEmployeeTemplates" name="test_get_employee_templates_multiple_frequencies" time="0.063" /><testcase classname="backend.tests.test_multi_frequency_mis.TestGetEmployeeTemplates" name="test_each_template_has_frequency_field" time="0.066" /><testcase classname="backend.tests.test_multi_frequency_mis.TestMisEntriesTemplateFilter" name="test_mis_entries_supports_template_id_filter" time="0.124" /><testcase classname="backend.tests.test_multi_frequency_mis.TestMisEntriesTemplateFilter" name="test_mis_entries_combined_filters" time="0.129" /><testcase classname="backend.tests.test_multi_frequency_mis.TestMisEntryFrequencyAndLocking" name="test_create_mis_entry_with_frequency" time="0.125" /><testcase classname="backend.tests.test_multi_frequency_mis.TestMisEntryFrequencyAndLocking" name="test_quarterly_entry_for_current_quarter_allowed" time="0.123" /><testcase classname="backend.tests.test_multi_frequency_mis.TestNonAdminQuarterlyLocking" name="test_non_admin_login" time="0.000" /><testcase classname="backend.tests.test_multi_frequency_mis.TestMisTemplatesList" name="test_templates_list_has_frequency" time="0.067" /><testcase classname="backend.tests.test_multi_frequency_mis.TestAdminTabFeatures" name="test_templates_have_searchable_fields" time="0.067" /><testcase classname="backend.tests.test_multi_frequency_mis.TestAdminTabFeatures" name="test_templates_have_department_data" time="0.063" /><testcase classname="backend.tests.test_multi_frequency_mis.TestMultiFrequencyMisSummary" name="test_abritee_has_multiple_templates" time="0.059" /></testsuite></testsuites>