<?xml version="1.0" encoding="utf-8"?><testsuites name="pytest tests"><testsuite name="pytest" errors="0" failures="1" skipped="0" tests="23" time="2.271" timestamp="2026-01-28T11:03:44.907643+00:00" hostname="agent-env-23d3ac61-d59d-46e7-8400-ddc3cf5e0aa7"><testcase classname="backend.tests.test_new_features.TestAuth" name="test_admin_login" time="0.293" /><testcase classname="backend.tests.test_new_features.TestHRAttendanceEditing" name="test_get_daily_attendance" time="0.283" /><testcase classname="backend.tests.test_new_features.TestHRAttendanceEditing" name="test_get_attendance_with_date_range" time="0.022" /><testcase classname="backend.tests.test_new_features.TestHRAttendanceEditing" name="test_edit_attendance_record" time="0.035" /><testcase classname="backend.tests.test_new_features.TestHRAttendanceEditing" name="test_get_attendance_edit_history" time="0.024" /><testcase classname="backend.tests.test_new_features.TestHRAttendanceEditing" name="test_add_manual_attendance_validation" time="0.013" /><testcase classname="backend.tests.test_new_features.TestHRAttendanceEditing" name="test_add_manual_attendance_nonexistent_employee" time="0.018" /><testcase classname="backend.tests.test_new_features.TestTourManagement" name="test_list_travel_requests" time="0.275" /><testcase classname="backend.tests.test_new_features.TestTourManagement" name="test_create_tour_request" time="0.020" /><testcase classname="backend.tests.test_new_features.TestTourManagement" name="test_get_my_travel_requests" time="0.015" /><testcase classname="backend.tests.test_new_features.TestTourManagement" name="test_get_my_active_tour" time="0.052" /><testcase classname="backend.tests.test_new_features.TestTourManagement" name="test_remote_checkin_without_tour" time="0.014"><failure message="AssertionError: Unexpected status: 404 - {&quot;detail&quot;:&quot;Employee not found&quot;}&#10;assert 404 in [200, 403]&#10; +  where 404 = &lt;Response [404]&gt;.status_code">backend/tests/test_new_features.py:276: in test_remote_checkin_without_tour
    assert response.status_code in [200, 403], f"Unexpected status: {response.status_code} - {response.text}"
E   AssertionError: Unexpected status: 404 - {"detail":"Employee not found"}
E   assert 404 in [200, 403]
E    +  where 404 = &lt;Response [404]&gt;.status_code</failure></testcase><testcase classname="backend.tests.test_new_features.TestTourManagement" name="test_remote_checkin_validation" time="0.014" /><testcase classname="backend.tests.test_new_features.TestTourManagement" name="test_get_field_employees" time="0.012" /><testcase classname="backend.tests.test_new_features.TestTourManagement" name="test_get_remote_checkins" time="0.012" /><testcase classname="backend.tests.test_new_features.TestTourManagement" name="test_approve_tour_request" time="0.022" /><testcase classname="backend.tests.test_new_features.TestTourManagement" name="test_toggle_field_employee" time="0.073" /><testcase classname="backend.tests.test_new_features.TestPayslipPDFDownload" name="test_get_my_payslips" time="0.279" /><testcase classname="backend.tests.test_new_features.TestPayslipPDFDownload" name="test_download_payslip_pdf_by_id" time="0.084" /><testcase classname="backend.tests.test_new_features.TestPayslipPDFDownload" name="test_download_payslip_pdf_nonexistent" time="0.011" /><testcase classname="backend.tests.test_new_features.TestPayslipPDFDownload" name="test_download_my_payslip_pdf_by_month" time="0.052" /><testcase classname="backend.tests.test_new_features.TestPayslipPDFDownload" name="test_list_payslips_for_download" time="0.035" /><testcase classname="backend.tests.test_new_features.TestCleanup" name="test_cleanup_test_tours" time="0.383" /></testsuite></testsuites>