<?xml version="1.0" encoding="utf-8"?><testsuites name="pytest tests"><testsuite name="pytest" errors="0" failures="0" skipped="0" tests="10" time="2.488" timestamp="2026-03-13T08:54:21.600230+00:00" hostname="agent-env-d6af04de-64a4-481b-88b1-05867038dcd9"><testcase classname="backend.tests.test_org_chart_widget_data.TestOrgChartAPI" name="test_org_chart_returns_200" time="0.610" /><testcase classname="backend.tests.test_org_chart_widget_data.TestOrgChartAPI" name="test_org_chart_has_roots_array" time="0.107" /><testcase classname="backend.tests.test_org_chart_widget_data.TestOrgChartAPI" name="test_org_chart_has_total_employees" time="0.112" /><testcase classname="backend.tests.test_org_chart_widget_data.TestOrgChartAPI" name="test_org_chart_node_structure" time="0.139" /><testcase classname="backend.tests.test_org_chart_widget_data.TestWidgetDataAPI" name="test_widget_data_returns_200" time="0.437" /><testcase classname="backend.tests.test_org_chart_widget_data.TestWidgetDataAPI" name="test_widget_data_has_upcoming_holidays" time="0.178" /><testcase classname="backend.tests.test_org_chart_widget_data.TestWidgetDataAPI" name="test_widget_data_has_team_birthdays" time="0.115" /><testcase classname="backend.tests.test_org_chart_widget_data.TestWidgetDataAPI" name="test_widget_data_has_monthly_attendance" time="0.145" /><testcase classname="backend.tests.test_org_chart_widget_data.TestDashboardStatsAPI" name="test_dashboard_stats_returns_200" time="0.464" /><testcase classname="backend.tests.test_org_chart_widget_data.TestDashboardStatsAPI" name="test_dashboard_employee_returns_200" time="0.116" /></testsuite></testsuites>