<?xml version="1.0" encoding="utf-8"?><testsuites name="pytest tests"><testsuite name="pytest" errors="0" failures="0" skipped="0" tests="14" time="4.021" timestamp="2026-01-16T12:59:48.668311+00:00" hostname="agent-env-072e05ef-e80c-4cd4-b053-515e29958ebb"><testcase classname="tests.test_payroll_attendance_features.TestPayrollSalaryStructures" name="test_all_salary_structures_endpoint_exists" time="0.301" /><testcase classname="tests.test_payroll_attendance_features.TestPayrollSalaryStructures" name="test_salary_structures_returns_employee_details" time="0.280" /><testcase classname="tests.test_payroll_attendance_features.TestPayrollSalaryStructures" name="test_salary_structures_search_functionality" time="0.330" /><testcase classname="tests.test_payroll_attendance_features.TestPayrollSalaryStructures" name="test_salary_structures_shows_salary_source" time="0.275" /><testcase classname="tests.test_payroll_attendance_features.TestAttendanceFilters" name="test_attendance_endpoint_with_month_year_filter" time="0.283" /><testcase classname="tests.test_payroll_attendance_features.TestAttendanceFilters" name="test_attendance_endpoint_with_employee_filter" time="0.283" /><testcase classname="tests.test_payroll_attendance_features.TestAttendanceFilters" name="test_attendance_returns_employee_info" time="0.309" /><testcase classname="tests.test_payroll_attendance_features.TestAttendanceFilters" name="test_attendance_organization_endpoint" time="0.272" /><testcase classname="tests.test_payroll_attendance_features.TestPayrollProcessingMerge" name="test_all_employees_pay_endpoint" time="0.278" /><testcase classname="tests.test_payroll_attendance_features.TestPayrollProcessingMerge" name="test_payroll_runs_endpoint" time="0.266" /><testcase classname="tests.test_payroll_attendance_features.TestPayrollProcessingMerge" name="test_employee_salary_details_endpoint" time="0.283" /><testcase classname="tests.test_payroll_attendance_features.TestEmployeeEndpoints" name="test_employees_list_endpoint" time="0.269" /><testcase classname="tests.test_payroll_attendance_features.TestEmployeeEndpoints" name="test_employees_search_endpoint" time="0.268" /><testcase classname="tests.test_payroll_attendance_features.TestDatabaseCollections" name="test_salary_structures_has_data_from_both_sources" time="0.271" /></testsuite></testsuites>