<?xml version="1.0" encoding="utf-8"?><testsuites name="pytest tests"><testsuite name="pytest" errors="0" failures="0" skipped="0" tests="31" time="9.339" timestamp="2026-02-13T08:05:15.772032+00:00" hostname="agent-env-602bd95e-0b4f-4c92-a74a-ad472f7be8cf"><testcase classname="tests.test_payroll_engine.TestPayrollAuth" name="test_login_success" time="0.531" /><testcase classname="tests.test_payroll_engine.TestPayrollRules" name="test_get_payroll_rules" time="0.813" /><testcase classname="tests.test_payroll_engine.TestPayrollRuns" name="test_list_payroll_runs" time="0.515" /><testcase classname="tests.test_payroll_engine.TestPayrollRuns" name="test_get_existing_payroll_run" time="0.204" /><testcase classname="tests.test_payroll_engine.TestPayrollRuns" name="test_create_duplicate_payroll_run_fails" time="0.127" /><testcase classname="tests.test_payroll_engine.TestPayslipStructure" name="test_payslip_has_fixed_components" time="0.552" /><testcase classname="tests.test_payroll_engine.TestPayslipStructure" name="test_payslip_has_attendance" time="0.000" /><testcase classname="tests.test_payroll_engine.TestPayslipStructure" name="test_payslip_has_earnings" time="0.000" /><testcase classname="tests.test_payroll_engine.TestPayslipStructure" name="test_payslip_has_deductions" time="0.000" /><testcase classname="tests.test_payroll_engine.TestPayslipStructure" name="test_payslip_has_validation" time="0.000" /><testcase classname="tests.test_payroll_engine.TestPFCalculation" name="test_pf_formula_basic_plus_da" time="0.804" /><testcase classname="tests.test_payroll_engine.TestPFCalculation" name="test_pf_max_deduction_cap" time="0.000" /><testcase classname="tests.test_payroll_engine.TestESICalculation" name="test_esi_eligibility_on_earned_gross" time="0.804" /><testcase classname="tests.test_payroll_engine.TestESICalculation" name="test_esi_percentage_correct" time="0.000" /><testcase classname="tests.test_payroll_engine.TestSEWACalculation" name="test_sewa_calculated_on_fixed_basic" time="0.552" /><testcase classname="tests.test_payroll_engine.TestSEWACalculation" name="test_sewa_not_on_earned_basic" time="0.000" /><testcase classname="tests.test_payroll_engine.TestProrationFormula" name="test_basic_proration" time="0.517" /><testcase classname="tests.test_payroll_engine.TestProrationFormula" name="test_hra_proration" time="0.000" /><testcase classname="tests.test_payroll_engine.TestProrationFormula" name="test_total_earned_equals_sum_of_components" time="0.000" /><testcase classname="tests.test_payroll_engine.TestLateDeduction" name="test_late_deduction_threshold" time="0.496" /><testcase classname="tests.test_payroll_engine.TestLateDeduction" name="test_less_than_3_lates_no_deduction" time="0.000" /><testcase classname="tests.test_payroll_engine.TestSecondSaturdayFullPay" name="test_second_saturday_count_tracked" time="0.522" /><testcase classname="tests.test_payroll_engine.TestSecondSaturdayFullPay" name="test_unattended_second_saturday_adds_full_day" time="0.000" /><testcase classname="tests.test_payroll_engine.TestValidation" name="test_all_payslips_pass_validation" time="0.718" /><testcase classname="tests.test_payroll_engine.TestValidation" name="test_validation_difference_within_tolerance" time="0.000" /><testcase classname="tests.test_payroll_engine.TestValidation" name="test_net_equals_earned_minus_deductions" time="0.000" /><testcase classname="tests.test_payroll_engine.TestExcelExport" name="test_export_endpoint_returns_excel" time="0.728" /><testcase classname="tests.test_payroll_engine.TestExcelExport" name="test_export_contains_new_columns" time="0.371" /><testcase classname="tests.test_payroll_engine.TestConfigUsed" name="test_payslip_has_config_used" time="0.467" /><testcase classname="tests.test_payroll_engine.TestRounding" name="test_earnings_rounded_to_2dp" time="0.447" /><testcase classname="tests.test_payroll_engine.TestRounding" name="test_deductions_rounded_to_2dp" time="0.000" /></testsuite></testsuites>