<?xml version="1.0" encoding="utf-8"?><testsuites name="pytest tests"><testsuite name="pytest" errors="0" failures="0" skipped="0" tests="9" time="3.065" timestamp="2026-01-20T16:18:30.049025+00:00" hostname="agent-env-4e04210c-8c0d-4899-b010-29de958ce3cd"><testcase classname="tests.test_payroll_details.TestPayrollDetails" name="test_list_payroll_runs" time="0.315" /><testcase classname="tests.test_payroll_details.TestPayrollDetails" name="test_get_payroll_details_for_january_2026" time="0.303" /><testcase classname="tests.test_payroll_details.TestPayrollDetails" name="test_payroll_details_has_summary" time="0.300" /><testcase classname="tests.test_payroll_details.TestPayrollDetails" name="test_payroll_details_has_payslips_with_employee_info" time="0.292" /><testcase classname="tests.test_payroll_details.TestPayrollDetails" name="test_payroll_details_not_found" time="0.271" /><testcase classname="tests.test_payroll_details.TestPayrollDetails" name="test_payroll_details_requires_auth" time="0.342" /><testcase classname="tests.test_payroll_details.TestPayrollDetails" name="test_payroll_details_requires_hr_role" time="0.539" /><testcase classname="tests.test_payroll_details.TestPayrollRunsTab" name="test_payroll_runs_show_view_button_for_processed" time="0.313" /><testcase classname="tests.test_payroll_details.TestPayrollRunsTab" name="test_payroll_run_has_summary_data" time="0.276" /></testsuite></testsuites>