<?xml version="1.0" encoding="utf-8"?><testsuites name="pytest tests"><testsuite name="pytest" errors="0" failures="0" skipped="1" tests="15" time="5.996" timestamp="2026-01-22T09:33:08.561385+00:00" hostname="agent-env-975082a0-f44d-4cc3-99fc-73bb45f609d8"><testcase classname="tests.test_payroll_new_features.TestPayrollNewFeatures" name="test_get_sewa_advances_list" time="0.366" /><testcase classname="tests.test_payroll_new_features.TestPayrollNewFeatures" name="test_create_sewa_advance_requires_employee_id" time="0.313" /><testcase classname="tests.test_payroll_new_features.TestPayrollNewFeatures" name="test_create_sewa_advance_requires_valid_amounts" time="0.401" /><testcase classname="tests.test_payroll_new_features.TestPayrollNewFeatures" name="test_create_sewa_advance_success" time="0.413" /><testcase classname="tests.test_payroll_new_features.TestPayrollNewFeatures" name="test_delete_sewa_advance" time="0.563" /><testcase classname="tests.test_payroll_new_features.TestPayrollNewFeatures" name="test_get_one_time_deductions_list" time="0.368" /><testcase classname="tests.test_payroll_new_features.TestPayrollNewFeatures" name="test_create_one_time_deduction_requires_employee_id" time="0.331" /><testcase classname="tests.test_payroll_new_features.TestPayrollNewFeatures" name="test_create_one_time_deduction_success" time="0.365" /><testcase classname="tests.test_payroll_new_features.TestPayrollNewFeatures" name="test_delete_one_time_deduction" time="0.393" /><testcase classname="tests.test_payroll_new_features.TestPayrollNewFeatures" name="test_get_payroll_run_details" time="0.380" /><testcase classname="tests.test_payroll_new_features.TestPayrollNewFeatures" name="test_update_payslip_not_found" time="0.323" /><testcase classname="tests.test_payroll_new_features.TestPayrollNewFeatures" name="test_update_payslip_with_recalculate" time="0.520" /><testcase classname="tests.test_payroll_new_features.TestPayrollNewFeatures" name="test_update_payslip_locked_payroll" time="0.437"><skipped type="pytest.skip" message="No locked payroll runs found">/app/tests/test_payroll_new_features.py:401: No locked payroll runs found</skipped></testcase><testcase classname="tests.test_payroll_new_features.TestPayrollNewFeatures" name="test_get_payroll_rules" time="0.348" /><testcase classname="tests.test_payroll_new_features.TestPayrollNewFeatures" name="test_get_all_salary_structures" time="0.404" /></testsuite></testsuites>