<?xml version="1.0" encoding="utf-8"?><testsuites name="pytest tests"><testsuite name="pytest" errors="0" failures="0" skipped="0" tests="21" time="6.652" timestamp="2026-02-13T12:55:27.402931+00:00" hostname="agent-env-d943b824-53fa-4f14-8a15-17d3aacdef71"><testcase classname="tests.test_payroll_sunday_rule.TestAuth" name="test_admin_login_success" time="0.493" /><testcase classname="tests.test_payroll_sunday_rule.TestHolidays" name="test_jan_2026_holidays_exist" time="0.470" /><testcase classname="tests.test_payroll_sunday_rule.TestLeaveTypes" name="test_leave_type_ids_correct" time="0.487" /><testcase classname="tests.test_payroll_sunday_rule.TestPayrollRunOperations" name="test_list_payroll_runs" time="0.461" /><testcase classname="tests.test_payroll_sunday_rule.TestPayrollRunOperations" name="test_get_jan_2026_payroll_run" time="0.271" /><testcase classname="tests.test_payroll_sunday_rule.TestPayrollRunOperations" name="test_create_duplicate_payroll_run_fails" time="0.119" /><testcase classname="tests.test_payroll_sunday_rule.TestManojKumarPayslip" name="test_manoj_office_days" time="0.626" /><testcase classname="tests.test_payroll_sunday_rule.TestManojKumarPayslip" name="test_manoj_paid_sundays" time="0.000" /><testcase classname="tests.test_payroll_sunday_rule.TestManojKumarPayslip" name="test_manoj_paid_holidays" time="0.000" /><testcase classname="tests.test_payroll_sunday_rule.TestManojKumarPayslip" name="test_manoj_paid_leave_days" time="0.000" /><testcase classname="tests.test_payroll_sunday_rule.TestManojKumarPayslip" name="test_manoj_total_earned_days" time="0.000" /><testcase classname="tests.test_payroll_sunday_rule.TestStatusNormalization" name="test_tour_status_counted_as_present" time="0.342" /><testcase classname="tests.test_payroll_sunday_rule.TestStatusNormalization" name="test_new_year_status_normalized" time="0.000" /><testcase classname="tests.test_payroll_sunday_rule.TestSundayAsLeaveLogic" name="test_sunday_pay_status_function_exists" time="0.361" /><testcase classname="tests.test_payroll_sunday_rule.TestSundayAsLeaveLogic" name="test_sunday_as_leave_rule_documented" time="0.000" /><testcase classname="tests.test_payroll_sunday_rule.TestSundayAsLeaveLogic" name="test_leave_balance_uses_available_field" time="0.000" /><testcase classname="tests.test_payroll_sunday_rule.TestPayslipStructure" name="test_payslip_has_attendance_fields" time="0.683" /><testcase classname="tests.test_payroll_sunday_rule.TestPayslipStructure" name="test_payslip_has_validation" time="0.000" /><testcase classname="tests.test_payroll_sunday_rule.TestPayrollProcessEndpoint" name="test_process_endpoint_exists" time="1.099" /><testcase classname="tests.test_payroll_sunday_rule.TestPayrollDelete" name="test_delete_endpoint_exists" time="0.515" /><testcase classname="tests.test_payroll_sunday_rule.TestPayrollConfiguration" name="test_config_used_in_payslip" time="0.635" /></testsuite></testsuites>