<?xml version="1.0" encoding="utf-8"?><testsuites name="pytest tests"><testsuite name="pytest" errors="0" failures="5" skipped="1" tests="15" time="5.378" timestamp="2026-01-22T09:31:49.977670+00:00" hostname="agent-env-975082a0-f44d-4cc3-99fc-73bb45f609d8"><testcase classname="tests.test_payroll_new_features.TestPayrollNewFeatures" name="test_get_sewa_advances_list" time="0.394" /><testcase classname="tests.test_payroll_new_features.TestPayrollNewFeatures" name="test_create_sewa_advance_requires_employee_id" time="0.342" /><testcase classname="tests.test_payroll_new_features.TestPayrollNewFeatures" name="test_create_sewa_advance_requires_valid_amounts" time="0.303"><failure message="AttributeError: 'list' object has no attribute 'get'">tests/test_payroll_new_features.py:82: in test_create_sewa_advance_requires_valid_amounts
    if not employees.get("employees"):
           ^^^^^^^^^^^^^
E   AttributeError: 'list' object has no attribute 'get'</failure></testcase><testcase classname="tests.test_payroll_new_features.TestPayrollNewFeatures" name="test_create_sewa_advance_success" time="0.381"><failure message="AttributeError: 'list' object has no attribute 'get'">tests/test_payroll_new_features.py:101: in test_create_sewa_advance_success
    employees = emp_response.json().get("employees", [])
                ^^^^^^^^^^^^^^^^^^^^^^^
E   AttributeError: 'list' object has no attribute 'get'</failure></testcase><testcase classname="tests.test_payroll_new_features.TestPayrollNewFeatures" name="test_delete_sewa_advance" time="0.393"><failure message="AttributeError: 'list' object has no attribute 'get'">tests/test_payroll_new_features.py:150: in test_delete_sewa_advance
    employees = emp_response.json().get("employees", [])
                ^^^^^^^^^^^^^^^^^^^^^^^
E   AttributeError: 'list' object has no attribute 'get'</failure></testcase><testcase classname="tests.test_payroll_new_features.TestPayrollNewFeatures" name="test_get_one_time_deductions_list" time="0.292" /><testcase classname="tests.test_payroll_new_features.TestPayrollNewFeatures" name="test_create_one_time_deduction_requires_employee_id" time="0.304" /><testcase classname="tests.test_payroll_new_features.TestPayrollNewFeatures" name="test_create_one_time_deduction_success" time="0.341"><failure message="AttributeError: 'list' object has no attribute 'get'">tests/test_payroll_new_features.py:216: in test_create_one_time_deduction_success
    employees = emp_response.json().get("employees", [])
                ^^^^^^^^^^^^^^^^^^^^^^^
E   AttributeError: 'list' object has no attribute 'get'</failure></testcase><testcase classname="tests.test_payroll_new_features.TestPayrollNewFeatures" name="test_delete_one_time_deduction" time="0.335"><failure message="AttributeError: 'list' object has no attribute 'get'">tests/test_payroll_new_features.py:245: in test_delete_one_time_deduction
    employees = emp_response.json().get("employees", [])
                ^^^^^^^^^^^^^^^^^^^^^^^
E   AttributeError: 'list' object has no attribute 'get'</failure></testcase><testcase classname="tests.test_payroll_new_features.TestPayrollNewFeatures" name="test_get_payroll_run_details" time="0.327" /><testcase classname="tests.test_payroll_new_features.TestPayrollNewFeatures" name="test_update_payslip_not_found" time="0.383" /><testcase classname="tests.test_payroll_new_features.TestPayrollNewFeatures" name="test_update_payslip_with_recalculate" time="0.375" /><testcase classname="tests.test_payroll_new_features.TestPayrollNewFeatures" name="test_update_payslip_locked_payroll" time="0.339"><skipped type="pytest.skip" message="No locked payroll runs found">/app/tests/test_payroll_new_features.py:386: No locked payroll runs found</skipped></testcase><testcase classname="tests.test_payroll_new_features.TestPayrollNewFeatures" name="test_get_payroll_rules" time="0.292" /><testcase classname="tests.test_payroll_new_features.TestPayrollNewFeatures" name="test_get_all_salary_structures" time="0.337" /></testsuite></testsuites>