<?xml version="1.0" encoding="utf-8"?><testsuites name="pytest tests"><testsuite name="pytest" errors="0" failures="0" skipped="0" tests="16" time="2.652" timestamp="2026-03-09T11:35:34.724557+00:00" hostname="agent-env-ab44d29a-59be-4ff6-bd85-b0c75a648d86"><testcase classname="backend.tests.test_performance_insights.TestInsightsEndpoint" name="test_insights_monthly_returns_correct_structure" time="0.622" /><testcase classname="backend.tests.test_performance_insights.TestInsightsEndpoint" name="test_insights_summary_structure" time="0.113" /><testcase classname="backend.tests.test_performance_insights.TestInsightsEndpoint" name="test_insights_weekly_period" time="0.122" /><testcase classname="backend.tests.test_performance_insights.TestInsightsEndpoint" name="test_insights_quarterly_period" time="0.114" /><testcase classname="backend.tests.test_performance_insights.TestInsightsEndpoint" name="test_insights_red_flags_structure" time="0.141" /><testcase classname="backend.tests.test_performance_insights.TestInsightsEndpoint" name="test_insights_department_health_structure" time="0.137" /><testcase classname="backend.tests.test_performance_insights.TestInsightsEndpoint" name="test_insights_employee_rankings_structure" time="0.111" /><testcase classname="backend.tests.test_performance_insights.TestInsightsEndpoint" name="test_insights_executive_kra_tracker" time="0.132" /><testcase classname="backend.tests.test_performance_insights.TestInsightsEndpoint" name="test_insights_compliance_heatmap_14_days" time="0.111" /><testcase classname="backend.tests.test_performance_insights.TestInsightsEndpoint" name="test_insights_requires_auth" time="0.142" /><testcase classname="backend.tests.test_performance_insights.TestOtherPerformanceAPIs" name="test_kpi_scores_returns_data" time="0.104" /><testcase classname="backend.tests.test_performance_insights.TestOtherPerformanceAPIs" name="test_kra_definitions_returns_data" time="0.114" /><testcase classname="backend.tests.test_performance_insights.TestOtherPerformanceAPIs" name="test_evaluations_returns_data" time="0.111" /><testcase classname="backend.tests.test_performance_insights.TestOtherPerformanceAPIs" name="test_mis_templates_employee" time="0.148" /><testcase classname="backend.tests.test_performance_insights.TestInsightsDataIntegrity" name="test_auto_pct_calculation" time="0.119" /><testcase classname="backend.tests.test_performance_insights.TestInsightsDataIntegrity" name="test_date_range_monthly" time="0.118" /></testsuite></testsuites>