<?xml version="1.0" encoding="utf-8"?><testsuites name="pytest tests"><testsuite name="pytest" errors="0" failures="0" skipped="0" tests="23" time="8.476" timestamp="2026-03-09T07:24:01.496499+00:00" hostname="agent-env-591a0ad8-140d-4427-be43-3d1d6d8fff8f"><testcase classname="backend.tests.test_performance_management.TestPerformanceSetup" name="test_admin_login_success" time="0.503" /><testcase classname="backend.tests.test_performance_management.TestPerformanceSetup" name="test_accounts_user_login_success" time="0.333" /><testcase classname="backend.tests.test_performance_management.TestMISTemplates" name="test_get_mis_templates_returns_seeded_templates" time="0.487" /><testcase classname="backend.tests.test_performance_management.TestMISTemplates" name="test_mis_template_has_correct_field_types" time="0.104" /><testcase classname="backend.tests.test_performance_management.TestMISTemplates" name="test_filter_templates_by_department" time="0.240" /><testcase classname="backend.tests.test_performance_management.TestMISEntries" name="test_create_mis_entry_with_fields" time="0.665" /><testcase classname="backend.tests.test_performance_management.TestMISEntries" name="test_get_mis_entries_with_filters" time="0.468" /><testcase classname="backend.tests.test_performance_management.TestMISEntries" name="test_get_mis_entries_by_date_range" time="0.108" /><testcase classname="backend.tests.test_performance_management.TestMISSummary" name="test_get_mis_summary_returns_aggregates" time="0.446" /><testcase classname="backend.tests.test_performance_management.TestKPIDefinitions" name="test_get_kpi_definitions_returns_seeded_kpis" time="0.436" /><testcase classname="backend.tests.test_performance_management.TestKPIDefinitions" name="test_create_kpi_definition_admin_only" time="0.120" /><testcase classname="backend.tests.test_performance_management.TestKPIDefinitions" name="test_create_kpi_non_admin_forbidden" time="0.432" /><testcase classname="backend.tests.test_performance_management.TestKPIScores" name="test_get_kpi_scores_auto_calculates" time="0.437" /><testcase classname="backend.tests.test_performance_management.TestKRADefinitions" name="test_create_kra_definition" time="0.470" /><testcase classname="backend.tests.test_performance_management.TestKRADefinitions" name="test_get_kra_definitions" time="0.102" /><testcase classname="backend.tests.test_performance_management.TestKRADefinitions" name="test_create_kra_non_admin_forbidden" time="0.433" /><testcase classname="backend.tests.test_performance_management.TestEvaluations" name="test_create_evaluation_with_ratings" time="0.576" /><testcase classname="backend.tests.test_performance_management.TestEvaluations" name="test_get_evaluations" time="0.110" /><testcase classname="backend.tests.test_performance_management.TestEvaluations" name="test_filter_evaluations_by_cycle" time="0.115" /><testcase classname="backend.tests.test_performance_management.TestCompanyDashboard" name="test_get_company_dashboard_returns_department_summaries" time="0.463" /><testcase classname="backend.tests.test_performance_management.TestCompanyDashboard" name="test_company_dashboard_non_admin_forbidden" time="0.432" /><testcase classname="backend.tests.test_performance_management.TestCleanup" name="test_cleanup_test_kpis" time="0.564" /><testcase classname="backend.tests.test_performance_management.TestCleanup" name="test_cleanup_test_kras" time="0.209" /></testsuite></testsuites>