<?xml version="1.0" encoding="utf-8"?><testsuites name="pytest tests"><testsuite name="pytest" errors="0" failures="0" skipped="0" tests="25" time="9.913" timestamp="2026-03-09T08:04:08.180713+00:00" hostname="agent-env-174667c6-ca1f-48a2-a987-222e7affcc45"><testcase classname="backend.tests.test_performance_page_rebuild.TestPerformanceManagement" name="test_01_seed_data" time="0.571" /><testcase classname="backend.tests.test_performance_page_rebuild.TestPerformanceManagement" name="test_02_my_team" time="0.410" /><testcase classname="backend.tests.test_performance_page_rebuild.TestPerformanceManagement" name="test_03_my_team_compliance" time="0.385" /><testcase classname="backend.tests.test_performance_page_rebuild.TestPerformanceManagement" name="test_04_all_kpi_definitions" time="0.386" /><testcase classname="backend.tests.test_performance_page_rebuild.TestPerformanceManagement" name="test_05_all_kra_definitions" time="0.384" /><testcase classname="backend.tests.test_performance_page_rebuild.TestPerformanceManagement" name="test_06_mis_templates" time="0.403" /><testcase classname="backend.tests.test_performance_page_rebuild.TestPerformanceManagement" name="test_07_mis_template_for_admin_employee" time="0.375" /><testcase classname="backend.tests.test_performance_page_rebuild.TestPerformanceManagement" name="test_08_mis_template_for_accounts_employee" time="0.374" /><testcase classname="backend.tests.test_performance_page_rebuild.TestPerformanceManagement" name="test_09_create_mis_entry" time="0.446" /><testcase classname="backend.tests.test_performance_page_rebuild.TestPerformanceManagement" name="test_10_get_mis_entries" time="0.379" /><testcase classname="backend.tests.test_performance_page_rebuild.TestPerformanceManagement" name="test_11_kpi_scores" time="0.371" /><testcase classname="backend.tests.test_performance_page_rebuild.TestPerformanceManagement" name="test_12_kpi_scores_for_employee" time="0.416" /><testcase classname="backend.tests.test_performance_page_rebuild.TestPerformanceManagement" name="test_13_create_kpi_definition" time="0.380" /><testcase classname="backend.tests.test_performance_page_rebuild.TestPerformanceManagement" name="test_14_delete_kpi_definition" time="0.409" /><testcase classname="backend.tests.test_performance_page_rebuild.TestPerformanceManagement" name="test_15_create_kra_definition" time="0.383" /><testcase classname="backend.tests.test_performance_page_rebuild.TestPerformanceManagement" name="test_16_delete_kra_definition" time="0.375" /><testcase classname="backend.tests.test_performance_page_rebuild.TestPerformanceManagement" name="test_17_get_evaluations" time="0.374" /><testcase classname="backend.tests.test_performance_page_rebuild.TestPerformanceManagement" name="test_18_create_evaluation" time="0.383" /><testcase classname="backend.tests.test_performance_page_rebuild.TestPerformanceManagement" name="test_19_mis_compliance" time="0.395" /><testcase classname="backend.tests.test_performance_page_rebuild.TestPerformanceManagement" name="test_20_company_dashboard" time="0.403" /><testcase classname="backend.tests.test_performance_page_rebuild.TestPerformanceManagement" name="test_21_kra_definitions" time="0.373" /><testcase classname="backend.tests.test_performance_page_rebuild.TestPerformanceManagement" name="test_22_mis_summary" time="0.389" /><testcase classname="backend.tests.test_performance_page_rebuild.TestPerformanceManagement" name="test_23_create_mis_template" time="0.441" /><testcase classname="backend.tests.test_performance_page_rebuild.TestPerformanceManagement" name="test_24_delete_mis_template" time="0.382" /><testcase classname="backend.tests.test_performance_page_rebuild.TestPerformanceAccessControl" name="test_non_admin_cannot_access_admin_apis" time="0.113" /></testsuite></testsuites>