<?xml version="1.0" encoding="utf-8"?><testsuites name="pytest tests"><testsuite name="pytest" errors="0" failures="0" skipped="0" tests="10" time="2.938" timestamp="2026-01-20T15:58:52.823610+00:00" hostname="agent-env-4e04210c-8c0d-4899-b010-29de958ce3cd"><testcase classname="tests.test_role_based_attendance.TestAdminAttendanceAccess" name="test_admin_role_is_hr" time="0.301" /><testcase classname="tests.test_role_based_attendance.TestAdminAttendanceAccess" name="test_admin_can_access_attendance_summary" time="0.289" /><testcase classname="tests.test_role_based_attendance.TestAdminAttendanceAccess" name="test_admin_summary_has_overview_metrics" time="0.283" /><testcase classname="tests.test_role_based_attendance.TestAdminAttendanceAccess" name="test_admin_summary_has_rankings" time="0.275" /><testcase classname="tests.test_role_based_attendance.TestAdminAttendanceAccess" name="test_admin_summary_has_department_analysis" time="0.277" /><testcase classname="tests.test_role_based_attendance.TestEmployeeAttendanceAccess" name="test_employee_role_is_not_hr" time="0.258" /><testcase classname="tests.test_role_based_attendance.TestEmployeeAttendanceAccess" name="test_employee_blocked_from_attendance_summary" time="0.277" /><testcase classname="tests.test_role_based_attendance.TestEmployeeAttendanceAccess" name="test_employee_can_access_my_summary" time="0.315" /><testcase classname="tests.test_role_based_attendance.TestEmployeeAttendanceAccess" name="test_employee_my_summary_has_personal_stats" time="0.282" /><testcase classname="tests.test_role_based_attendance.TestDashboardText" name="test_dashboard_employee_endpoint" time="0.271" /></testsuite></testsuites>