<?xml version="1.0" encoding="utf-8"?><testsuites name="pytest tests"><testsuite name="pytest" errors="0" failures="0" skipped="0" tests="10" time="3.339" timestamp="2026-01-16T13:23:19.783292+00:00" hostname="agent-env-072e05ef-e80c-4cd4-b053-515e29958ebb"><testcase classname="tests.test_salary_edit_features.TestAuthentication" name="test_login_with_new_credentials" time="0.304" /><testcase classname="tests.test_salary_edit_features.TestSalaryStructures" name="test_get_all_salary_structures" time="0.305" /><testcase classname="tests.test_salary_edit_features.TestSalaryStructures" name="test_salary_structures_search" time="0.299" /><testcase classname="tests.test_salary_edit_features.TestEmployeeSalaryEdit" name="test_get_employee_salary" time="0.342" /><testcase classname="tests.test_salary_edit_features.TestEmployeeSalaryEdit" name="test_update_employee_salary_super_admin" time="0.346" /><testcase classname="tests.test_salary_edit_features.TestSalaryHistory" name="test_get_salary_history" time="0.346" /><testcase classname="tests.test_salary_edit_features.TestSalaryChangeRequests" name="test_get_pending_requests" time="0.300" /><testcase classname="tests.test_salary_edit_features.TestPayrollRules" name="test_get_payroll_rules" time="0.301" /><testcase classname="tests.test_salary_edit_features.TestPayrollRules" name="test_update_payroll_rules_sewa" time="0.382" /><testcase classname="tests.test_salary_edit_features.TestDeductionToggles" name="test_salary_with_deduction_toggles" time="0.344" /></testsuite></testsuites>