<?xml version="1.0" encoding="utf-8"?><testsuites name="pytest tests"><testsuite name="pytest" errors="0" failures="2" skipped="4" tests="16" time="4.132" timestamp="2026-03-31T12:45:24.008206+00:00" hostname="agent-env-305350c4-0fd6-4170-8d42-bd8a074672a6"><testcase classname="backend.tests.test_security_features.TestPasswordValidation" name="test_password_too_short" time="0.135" /><testcase classname="backend.tests.test_security_features.TestPasswordValidation" name="test_password_no_uppercase" time="0.110" /><testcase classname="backend.tests.test_security_features.TestPasswordValidation" name="test_password_no_lowercase" time="0.116" /><testcase classname="backend.tests.test_security_features.TestPasswordValidation" name="test_password_no_number" time="0.102" /><testcase classname="backend.tests.test_security_features.TestPasswordValidation" name="test_password_no_special_char" time="0.112" /><testcase classname="backend.tests.test_security_features.TestPasswordValidation" name="test_common_password_blocked" time="0.265" /><testcase classname="backend.tests.test_security_features.TestPasswordValidation" name="test_valid_password_accepted" time="0.330" /><testcase classname="backend.tests.test_security_features.TestAdminLogin" name="test_admin_login_success" time="0.367" /><testcase classname="backend.tests.test_security_features.TestHRLoginMustChangePassword" name="test_hr_login_shows_must_change_password" time="0.326" /><testcase classname="backend.tests.test_security_features.TestAccountLockout" name="test_account_lockout_after_5_failures" time="1.571" /><testcase classname="backend.tests.test_security_features.TestPasswordPolicy" name="test_password_policy_endpoint" time="0.119"><failure message="AssertionError: Password policy failed: {'detail': 'Access temporarily blocked due to suspicious activity.'}&#10;assert 403 == 200&#10; +  where 403 = &lt;Response [403]&gt;.status_code">backend/tests/test_security_features.py:224: in test_password_policy_endpoint
    assert response.status_code == 200, f"Password policy failed: {response.json()}"
E   AssertionError: Password policy failed: {'detail': 'Access temporarily blocked due to suspicious activity.'}
E   assert 403 == 200
E    +  where 403 = &lt;Response [403]&gt;.status_code</failure></testcase><testcase classname="backend.tests.test_security_features.TestSecurityAuditLogs" name="test_security_audit_logs_requires_super_admin" time="0.102"><skipped type="pytest.skip" message="Admin login failed: {'detail': 'Access temporarily blocked due to suspicious activity.'}">/app/backend/tests/test_security_features.py:262: Admin login failed: {'detail': 'Access temporarily blocked due to suspicious activity.'}</skipped></testcase><testcase classname="backend.tests.test_security_features.TestSecurityAuditLogs" name="test_security_audit_summary_endpoint" time="0.098"><skipped type="pytest.skip" message="Admin login failed: {'detail': 'Access temporarily blocked due to suspicious activity.'}">/app/backend/tests/test_security_features.py:283: Admin login failed: {'detail': 'Access temporarily blocked due to suspicious activity.'}</skipped></testcase><testcase classname="backend.tests.test_security_features.TestUnlockAccount" name="test_unlock_account_requires_super_admin" time="0.097"><skipped type="pytest.skip" message="Admin login failed: {'detail': 'Access temporarily blocked due to suspicious activity.'}">/app/backend/tests/test_security_features.py:323: Admin login failed: {'detail': 'Access temporarily blocked due to suspicious activity.'}</skipped></testcase><testcase classname="backend.tests.test_security_features.TestTokenInvalidationOnPasswordChange" name="test_old_token_invalidated_after_password_change" time="0.100"><skipped type="pytest.skip" message="Could not create test user: {'detail': 'Access temporarily blocked due to suspicious activity.'}">/app/backend/tests/test_security_features.py:362: Could not create test user: {'detail': 'Access temporarily blocked due to suspicious activity.'}</skipped></testcase><testcase classname="backend.tests.test_security_features.TestJWTExpiry" name="test_jwt_expiry_in_policy" time="0.103"><failure message="assert 403 == 200&#10; +  where 403 = &lt;Response [403]&gt;.status_code">backend/tests/test_security_features.py:406: in test_jwt_expiry_in_policy
    assert response.status_code == 200
E   assert 403 == 200
E    +  where 403 = &lt;Response [403]&gt;.status_code</failure></testcase></testsuite></testsuites>