<?xml version="1.0" encoding="utf-8"?><testsuites name="pytest tests"><testsuite name="pytest" errors="0" failures="0" skipped="0" tests="12" time="6.700" timestamp="2026-03-31T07:14:58.638699+00:00" hostname="agent-env-305350c4-0fd6-4170-8d42-bd8a074672a6"><testcase classname="backend.tests.test_sewa_bulk_upload.TestSewaAdvanceBulkUpload" name="test_01_login_works_no_body_stream_error" time="0.821" /><testcase classname="backend.tests.test_sewa_bulk_upload.TestSewaAdvanceBulkUpload" name="test_02_template_download_returns_excel" time="0.390" /><testcase classname="backend.tests.test_sewa_bulk_upload.TestSewaAdvanceBulkUpload" name="test_03_template_contains_employee_data" time="0.559" /><testcase classname="backend.tests.test_sewa_bulk_upload.TestSewaAdvanceBulkUpload" name="test_04_bulk_upload_requires_auth" time="0.454" /><testcase classname="backend.tests.test_sewa_bulk_upload.TestSewaAdvanceBulkUpload" name="test_05_bulk_upload_validates_employee_exists" time="0.637" /><testcase classname="backend.tests.test_sewa_bulk_upload.TestSewaAdvanceBulkUpload" name="test_06_bulk_upload_validates_monthly_deduction_positive" time="0.554" /><testcase classname="backend.tests.test_sewa_bulk_upload.TestSewaAdvanceBulkUpload" name="test_07_bulk_upload_validates_paid_not_exceed_total" time="0.551" /><testcase classname="backend.tests.test_sewa_bulk_upload.TestSewaAdvanceBulkUpload" name="test_08_bulk_upload_creates_advance_successfully" time="0.553" /><testcase classname="backend.tests.test_sewa_bulk_upload.TestSewaAdvanceBulkUpload" name="test_09_bulk_upload_replaces_existing_active_advance" time="0.662" /><testcase classname="backend.tests.test_sewa_bulk_upload.TestSewaAdvanceBulkUpload" name="test_10_get_sewa_advances_list" time="0.451" /><testcase classname="backend.tests.test_sewa_bulk_upload.TestSewaAdvanceBulkUpload" name="test_11_invalid_file_format_rejected" time="0.439" /><testcase classname="backend.tests.test_sewa_bulk_upload.TestSewaAdvanceBulkUpload" name="test_12_empty_rows_skipped" time="0.551" /></testsuite></testsuites>