<?xml version="1.0" encoding="utf-8"?><testsuites name="pytest tests"><testsuite name="pytest" errors="0" failures="0" skipped="1" tests="15" time="5.257" timestamp="2026-01-29T08:05:41.078670+00:00" hostname="agent-env-955c67ab-40eb-4cd2-9a1e-c356283d4028"><testcase classname="backend.tests.test_sop_grid_features.TestSOPFeatures" name="test_get_employees_for_sop" time="0.357" /><testcase classname="backend.tests.test_sop_grid_features.TestSOPFeatures" name="test_create_sop_with_main_responsible" time="0.379" /><testcase classname="backend.tests.test_sop_grid_features.TestSOPFeatures" name="test_create_sop_with_also_involved" time="0.463" /><testcase classname="backend.tests.test_sop_grid_features.TestSOPFeatures" name="test_sop_list_shows_main_responsible_names" time="0.435" /><testcase classname="backend.tests.test_sop_grid_features.TestSOPFeatures" name="test_sop_publish_creates_notifications" time="0.441" /><testcase classname="backend.tests.test_sop_grid_features.TestSOPFeatures" name="test_sop_get_details_includes_employee_names" time="0.428" /><testcase classname="backend.tests.test_sop_grid_features.TestAttendanceGridView" name="test_grid_endpoint_exists" time="0.308" /><testcase classname="backend.tests.test_sop_grid_features.TestAttendanceGridView" name="test_grid_data_structure" time="0.279" /><testcase classname="backend.tests.test_sop_grid_features.TestAttendanceGridView" name="test_grid_with_department_filter" time="0.271"><skipped type="pytest.skip" message="No departments available for filtering">/app/backend/tests/test_sop_grid_features.py:359: No departments available for filtering</skipped></testcase><testcase classname="backend.tests.test_sop_grid_features.TestAttendanceGridView" name="test_grid_with_search_filter" time="0.289" /><testcase classname="backend.tests.test_sop_grid_features.TestAttendanceGridView" name="test_grid_marks_sundays" time="0.279" /><testcase classname="backend.tests.test_sop_grid_features.TestAttendanceGridView" name="test_grid_marks_holidays" time="0.330" /><testcase classname="backend.tests.test_sop_grid_features.TestAttendanceGridView" name="test_grid_cell_edit_info" time="0.277" /><testcase classname="backend.tests.test_sop_grid_features.TestGridInlineEditing" name="test_manual_attendance_endpoint" time="0.286" /><testcase classname="backend.tests.test_sop_grid_features.TestGridInlineEditing" name="test_attendance_update_endpoint" time="0.288" /></testsuite></testsuites>