<?xml version="1.0" encoding="utf-8"?><testsuites name="pytest tests"><testsuite name="pytest" errors="0" failures="0" skipped="0" tests="7" time="2.033" timestamp="2026-02-13T14:20:01.797522+00:00" hostname="agent-env-d943b824-53fa-4f14-8a15-17d3aacdef71"><testcase classname="backend.tests.test_sop_visibility.TestSOPVisibility" name="test_01_admin_login" time="0.593" /><testcase classname="backend.tests.test_sop_visibility.TestSOPVisibility" name="test_02_admin_list_sops" time="0.389" /><testcase classname="backend.tests.test_sop_visibility.TestSOPVisibility" name="test_03_employee_login" time="0.348" /><testcase classname="backend.tests.test_sop_visibility.TestSOPVisibility" name="test_04_employee_my_sops_visibility" time="0.144" /><testcase classname="backend.tests.test_sop_visibility.TestSOPVisibility" name="test_05_verify_employee_not_seeing_all_sops" time="0.117" /><testcase classname="backend.tests.test_sop_visibility.TestSOPVisibility" name="test_06_get_sop_details" time="0.162" /><testcase classname="backend.tests.test_sop_visibility.TestSOPVisibility" name="test_07_check_sop_status_distribution" time="0.174" /></testsuite></testsuites>