<?xml version="1.0" encoding="utf-8"?><testsuites name="pytest tests"><testsuite name="pytest" errors="0" failures="0" skipped="0" tests="17" time="8.446" timestamp="2026-03-21T08:48:55.084013+00:00" hostname="agent-env-ef1bd6f7-4979-48d7-b22f-1279850fb1d4"><testcase classname="backend.tests.test_stationery_api.TestStationeryAPI" name="test_get_categories" time="0.537" /><testcase classname="backend.tests.test_stationery_api.TestStationeryAPI" name="test_create_item" time="0.449" /><testcase classname="backend.tests.test_stationery_api.TestStationeryAPI" name="test_list_items_with_stats" time="0.371" /><testcase classname="backend.tests.test_stationery_api.TestStationeryAPI" name="test_update_item" time="0.602" /><testcase classname="backend.tests.test_stationery_api.TestStationeryAPI" name="test_delete_item" time="0.465" /><testcase classname="backend.tests.test_stationery_api.TestStationeryAPI" name="test_purchase_stock" time="0.496" /><testcase classname="backend.tests.test_stationery_api.TestStationeryAPI" name="test_issue_item" time="0.501" /><testcase classname="backend.tests.test_stationery_api.TestStationeryAPI" name="test_issue_insufficient_stock" time="0.455" /><testcase classname="backend.tests.test_stationery_api.TestStationeryAPI" name="test_return_item" time="0.619" /><testcase classname="backend.tests.test_stationery_api.TestStationeryAPI" name="test_get_transactions" time="0.419" /><testcase classname="backend.tests.test_stationery_api.TestStationeryAPI" name="test_get_transactions_filtered" time="0.365" /><testcase classname="backend.tests.test_stationery_api.TestStationeryAPI" name="test_create_request" time="0.466" /><testcase classname="backend.tests.test_stationery_api.TestStationeryAPI" name="test_list_requests" time="0.383" /><testcase classname="backend.tests.test_stationery_api.TestStationeryAPI" name="test_approve_request" time="0.474" /><testcase classname="backend.tests.test_stationery_api.TestStationeryAPI" name="test_reject_request" time="0.507" /><testcase classname="backend.tests.test_stationery_api.TestStationeryAPI" name="test_get_employees_for_issue" time="0.418" /><testcase classname="backend.tests.test_stationery_api.TestStationeryFullFlow" name="test_full_stationery_flow" time="0.712" /></testsuite></testsuites>