<?xml version="1.0" encoding="utf-8"?><testsuites name="pytest tests"><testsuite name="pytest" errors="0" failures="0" skipped="0" tests="17" time="8.340" timestamp="2026-02-19T11:50:34.966257+00:00" hostname="agent-env-591a0ad8-140d-4427-be43-3d1d6d8fff8f"><testcase classname="backend.tests.test_sync_all_collections.TestSyncStatus" name="test_sync_status_returns_all_collections" time="0.632" /><testcase classname="backend.tests.test_sync_all_collections.TestSyncStatus" name="test_sync_status_includes_key_collections" time="0.141" /><testcase classname="backend.tests.test_sync_all_collections.TestSyncStatus" name="test_sync_status_requires_admin_auth" time="0.116" /><testcase classname="backend.tests.test_sync_all_collections.TestExportAll" name="test_export_all_returns_all_collections" time="0.823" /><testcase classname="backend.tests.test_sync_all_collections.TestExportAll" name="test_export_all_data_is_list_per_collection" time="0.848" /><testcase classname="backend.tests.test_sync_all_collections.TestExportAll" name="test_export_all_excludes_mongodb_id" time="0.791" /><testcase classname="backend.tests.test_sync_all_collections.TestExportAll" name="test_export_all_requires_admin_auth" time="0.103" /><testcase classname="backend.tests.test_sync_all_collections.TestImportAll" name="test_import_all_empty_data_returns_error" time="0.118" /><testcase classname="backend.tests.test_sync_all_collections.TestImportAll" name="test_import_all_accepts_valid_data" time="0.127" /><testcase classname="backend.tests.test_sync_all_collections.TestImportAll" name="test_import_all_returns_import_summary" time="0.132" /><testcase classname="backend.tests.test_sync_all_collections.TestImportAll" name="test_import_all_requires_admin_auth" time="0.110" /><testcase classname="backend.tests.test_sync_all_collections.TestSyncFromDeployed" name="test_sync_from_deployed_returns_proper_structure" time="1.464" /><testcase classname="backend.tests.test_sync_all_collections.TestSyncFromDeployed" name="test_sync_from_deployed_handles_invalid_credentials" time="0.264" /><testcase classname="backend.tests.test_sync_all_collections.TestSyncFromDeployed" name="test_sync_from_deployed_requires_admin_auth" time="0.127" /><testcase classname="backend.tests.test_sync_all_collections.TestSyncAttendanceOnly" name="test_sync_attendance_returns_proper_structure" time="1.376" /><testcase classname="backend.tests.test_sync_all_collections.TestSyncAttendanceOnly" name="test_sync_attendance_requires_admin_auth" time="0.115" /><testcase classname="backend.tests.test_sync_all_collections.TestCollectionCounts" name="test_sync_status_and_export_all_collection_count_match" time="0.922" /></testsuite></testsuites>