<?xml version="1.0" encoding="utf-8"?><testsuites name="pytest tests"><testsuite name="pytest" errors="0" failures="0" skipped="0" tests="8" time="6.313" timestamp="2026-02-13T15:35:28.498430+00:00" hostname="agent-env-a28d2ed9-7364-4d24-bbb1-b99cac08da77"><testcase classname="tests.test_user_management_bugfix.TestUserManagementBugFixes" name="test_01_login_works" time="0.974" /><testcase classname="tests.test_user_management_bugfix.TestUserManagementBugFixes" name="test_02_list_users" time="0.700" /><testcase classname="tests.test_user_management_bugfix.TestUserManagementBugFixes" name="test_03_create_user" time="0.782" /><testcase classname="tests.test_user_management_bugfix.TestUserManagementBugFixes" name="test_04_deactivate_user_with_auth" time="0.775" /><testcase classname="tests.test_user_management_bugfix.TestUserManagementBugFixes" name="test_05_activate_user_with_auth" time="0.784" /><testcase classname="tests.test_user_management_bugfix.TestUserManagementBugFixes" name="test_06_delete_user_permanent" time="1.097" /><testcase classname="tests.test_user_management_bugfix.TestUserManagementBugFixes" name="test_07_roles_list" time="0.523" /><testcase classname="tests.test_user_management_bugfix.TestBiometricScheduler" name="test_scheduler_endpoints" time="0.541" /></testsuite></testsuites>