<?xml version="1.0" encoding="utf-8"?><testsuites name="pytest tests"><testsuite name="pytest" errors="0" failures="0" skipped="0" tests="14" time="5.803" timestamp="2026-03-12T08:41:54.534808+00:00" hostname="agent-env-ab44d29a-59be-4ff6-bd85-b0c75a648d86"><testcase classname="backend.tests.test_wfh_feature.TestWFHFeature" name="test_wfh_apply_success" time="0.481" /><testcase classname="backend.tests.test_wfh_feature.TestWFHFeature" name="test_wfh_apply_missing_fields" time="0.413" /><testcase classname="backend.tests.test_wfh_feature.TestWFHFeature" name="test_wfh_my_requests" time="0.371" /><testcase classname="backend.tests.test_wfh_feature.TestWFHFeature" name="test_wfh_my_requests_filter_status" time="0.425" /><testcase classname="backend.tests.test_wfh_feature.TestWFHFeature" name="test_wfh_pending_approvals" time="0.435" /><testcase classname="backend.tests.test_wfh_feature.TestWFHFeature" name="test_wfh_approve" time="0.498" /><testcase classname="backend.tests.test_wfh_feature.TestWFHFeature" name="test_wfh_approve_nonexistent" time="0.442" /><testcase classname="backend.tests.test_wfh_feature.TestWFHFeature" name="test_wfh_reject" time="0.553" /><testcase classname="backend.tests.test_wfh_feature.TestWFHFeature" name="test_wfh_cancel" time="0.489" /><testcase classname="backend.tests.test_wfh_feature.TestWFHFeature" name="test_wfh_cancel_nonexistent" time="0.395" /><testcase classname="backend.tests.test_wfh_feature.TestWFHFeature" name="test_wfh_days_calculation" time="0.391" /><testcase classname="backend.tests.test_wfh_feature.TestWFHFeature" name="test_wfh_approved_status_persists" time="0.523" /><testcase classname="backend.tests.test_wfh_feature.TestWFHUnauthorized" name="test_wfh_my_requests_unauthorized" time="0.128" /><testcase classname="backend.tests.test_wfh_feature.TestWFHUnauthorized" name="test_wfh_apply_unauthorized" time="0.147" /></testsuite></testsuites>